#
# A fatal error has been detected by the Java Runtime Environment:
#
#  EXCEPTION_ACCESS_VIOLATION (0xc0000005) at pc=0x0000000025842e92, pid=6664, tid=6756
#
# JRE version: 6.0_17-b04
# Java VM: Java HotSpot(TM) 64-Bit Server VM (14.3-b01 mixed mode windows-amd64 )
# Problematic frame:
# C  0x0000000025842e92
#
# If you would like to submit a bug report, please visit:
#   http://java.sun.com/webapps/bugreport/crash.jsp
# The crash happened outside the Java Virtual Machine in native code.
# See problematic frame for where to report the bug.
#

---------------  T H R E A D  ---------------

Current thread (0x0000000005a57000):  JavaThread "main" [_thread_in_native, id=6756, stack(0x00000000001c0000,0x00000000041c0000)]

siginfo: ExceptionCode=0xc0000005, reading address 0xffffffff882def0c

Registers:
EAX=0xffffffff882def00, EBX=0x00000000300d5e28, ECX=0x00000000041aa060, EDX=0x0000000025894ba0
ESP=0x00000000041aa020, EBP=0x00000000041aab28, ESI=0x0000000000000002, EDI=0x00000000295d59ae
EIP=0x0000000025842e92, EFLAGS=0x0000000000010286

Top of Stack: (sp=0x00000000041aa020)
0x00000000041aa020:   00000000041aa060 00000000258754f8
0x00000000041aa030:   0000000000000000 00000000041aab28
0x00000000041aa040:   0000000000000001 ffffffff882def00
0x00000000041aa050:   00000000fe0768c0 0000000000000000
0x00000000041aa060:   74726f5058545852 29286e696172643a
0x00000000041aa070:   736e727574657220 000000000a30203a
0x00000000041aa080:   0000000000000000 000000002ec72a70
0x00000000041aa090:   0000000000000000 000007fe00000000
0x00000000041aa0a0:   000007fe00000000 000000000dc400b8
0x00000000041aa0b0:   0000000100000000 000000000dc400b8
0x00000000041aa0c0:   00000000041aa120 000000002f277638
0x00000000041aa0d0:   0000000000000000 000000003de3c988
0x00000000041aa0e0:   00000000041aa0e0 000000002f0c1b40
0x00000000041aa0f0:   0000000000000000 0000000000000000
0x00000000041aa100:   000000002fa6a188 000000002c5feda0
0x00000000041aa110:   0000000000000000 0000000000000000 

Instructions: (pc=0x0000000025842e92)
0x0000000025842e82:   00 00 00 48 83 7c 24 28 00 74 77 48 8b 44 24 28
0x0000000025842e92:   83 78 0c 00 74 6c 4c 8b 4c 24 28 4c 8d 84 24 98 


Stack: [0x00000000001c0000,0x00000000041c0000],  sp=0x00000000041aa020,  free space=65448k
Native frames: (J=compiled Java code, j=interpreted, Vv=VM code, C=native code)
C  0x0000000025842e92
j  gnu.io.RXTXPort$SerialOutputStream.flush()V+92
j  java.io.DataOutputStream.flush()V+4
j  com.mathworks.toolbox.instrument.SerialComm.writeAsciiToHardware(Ljava/lang/String;)I+183
j  com.mathworks.toolbox.instrument.InstrumentWriter.writeAsciiSync(Ljava/lang/String;)[Ljava/lang/Object;+7
j  com.mathworks.toolbox.instrument.InstrumentWriter.writeAscii(Ljava/lang/String;I)[Ljava/lang/Object;+40
j  com.mathworks.toolbox.instrument.InstrumentWriter.fprintfHelper(Ljava/lang/String;I)V+49
j  com.mathworks.toolbox.instrument.InstrumentWriter.fprintf(Ljava/lang/String;I)V+31
v  ~StubRoutines::call_stub

Java frames: (J=compiled Java code, j=interpreted, Vv=VM code)
j  gnu.io.RXTXPort.nativeDrain(Z)Z+0
j  gnu.io.RXTXPort$SerialOutputStream.flush()V+92
j  java.io.DataOutputStream.flush()V+4
j  com.mathworks.toolbox.instrument.SerialComm.writeAsciiToHardware(Ljava/lang/String;)I+183
j  com.mathworks.toolbox.instrument.InstrumentWriter.writeAsciiSync(Ljava/lang/String;)[Ljava/lang/Object;+7
j  com.mathworks.toolbox.instrument.InstrumentWriter.writeAscii(Ljava/lang/String;I)[Ljava/lang/Object;+40
j  com.mathworks.toolbox.instrument.InstrumentWriter.fprintfHelper(Ljava/lang/String;I)V+49
j  com.mathworks.toolbox.instrument.InstrumentWriter.fprintf(Ljava/lang/String;I)V+31
v  ~StubRoutines::call_stub

---------------  P R O C E S S  ---------------

Java Threads: ( => current thread )
  0x000000000dab9000 JavaThread "Thread-53" [_thread_in_native, id=4796, stack(0x0000000088260000,0x00000000882e0000)]
  0x000000000dabb000 JavaThread "Timer-InstrumentReadWritePoll" [_thread_blocked, id=3888, stack(0x00000000881e0000,0x0000000088260000)]
  0x000000000dab4800 JavaThread "Inactive RequestProcessor thread [Was:TimedSoftReference/org.openide.util.TimedSoftReference]" daemon [_thread_blocked, id=3964, stack(0x0000000029330000,0x00000000293b0000)]
  0x000000000dabe000 JavaThread "Code Analyzer updating thread" [_thread_blocked, id=3868, stack(0x0000000029110000,0x0000000029190000)]
  0x000000000dabf800 JavaThread "Active Reference Queue Daemon" daemon [_thread_blocked, id=6316, stack(0x0000000027f70000,0x0000000027ff0000)]
  0x000000000dabf000 JavaThread "Timer-19" daemon [_thread_blocked, id=6780, stack(0x0000000029190000,0x0000000029210000)]
  0x000000000dabd800 JavaThread "Swing-Shell" daemon [_thread_blocked, id=5980, stack(0x0000000025910000,0x0000000025990000)]
  0x000000000dabc000 JavaThread "Timer-9" daemon [_thread_blocked, id=7456, stack(0x000000005c830000,0x000000005c8b0000)]
  0x000000000daba000 JavaThread "Explorer NavigationContext request queue" [_thread_blocked, id=932, stack(0x000000005d960000,0x000000005d9e0000)]
  0x000000000dab7800 JavaThread "AddressBar directory emptiness poller" [_thread_blocked, id=788, stack(0x000000005c640000,0x000000005c6c0000)]
  0x000000000dab7000 JavaThread "Explorer Refresh Service 2071395076" [_thread_blocked, id=3032, stack(0x000000004cc30000,0x000000004ccb0000)]
  0x000000000dab5800 JavaThread "Timer-1" daemon [_thread_blocked, id=7660, stack(0x00000000190b0000,0x0000000019130000)]
  0x000000000dab4000 JavaThread "TimerQueue" daemon [_thread_blocked, id=3460, stack(0x0000000050d50000,0x0000000050dd0000)]
  0x000000000dab3800 JavaThread "Thread-5" daemon [_thread_blocked, id=3108, stack(0x0000000010e50000,0x0000000010ed0000)]
  0x000000000dab2800 JavaThread "AWT-EventQueue-0" [_thread_blocked, id=5432, stack(0x0000000025500000,0x0000000025580000)]
  0x000000000dab2000 JavaThread "AWT-Shutdown" [_thread_blocked, id=6364, stack(0x0000000019030000,0x00000000190b0000)]
  0x000000000dab1000 JavaThread "FelixPackageAdmin" daemon [_thread_blocked, id=2424, stack(0x0000000021310000,0x0000000021390000)]
  0x000000000f4a4000 JavaThread "FelixStartLevel" daemon [_thread_blocked, id=6224, stack(0x000000000ff70000,0x000000000fff0000)]
  0x000000000f4a3800 JavaThread "FelixDispatchQueue" daemon [_thread_blocked, id=6920, stack(0x000000001d230000,0x000000001d2b0000)]
  0x000000000f125000 JavaThread "com.google.common.base.internal.Finalizer" daemon [_thread_blocked, id=8148, stack(0x0000000019140000,0x00000000191c0000)]
  0x000000000f0a7000 JavaThread "AWT-Windows" daemon [_thread_in_native, id=5932, stack(0x000000000fe00000,0x000000000fe80000)]
  0x000000000da55800 JavaThread "Java2D Disposer" daemon [_thread_blocked, id=2116, stack(0x000000000fc60000,0x000000000fce0000)]
  0x000000000ecd1000 JavaThread "Timer-0" [_thread_blocked, id=2400, stack(0x000000000fb80000,0x000000000fc00000)]
  0x000000000ebf8800 JavaThread "EventMgr Dispatcher" daemon [_thread_in_native, id=6132, stack(0x00000000086c0000,0x000000000c6c0000)]
  0x000000000dac3000 JavaThread "Low Memory Detector" daemon [_thread_blocked, id=708, stack(0x000000000de60000,0x000000000dee0000)]
  0x000000000dab0800 JavaThread "CompilerThread1" daemon [_thread_blocked, id=3088, stack(0x000000005dca0000,0x0000000061ca0000)]
  0x000000000daa1000 JavaThread "CompilerThread0" daemon [_thread_blocked, id=3212, stack(0x0000000058480000,0x000000005c480000)]
  0x000000000da9f800 JavaThread "Attach Listener" daemon [_thread_blocked, id=7028, stack(0x000000000dbc0000,0x000000000dc40000)]
  0x000000000da4b000 JavaThread "Finalizer" daemon [_thread_blocked, id=4368, stack(0x000000000dd10000,0x000000000dd90000)]
  0x000000000da45000 JavaThread "Reference Handler" daemon [_thread_blocked, id=4616, stack(0x000000000dd90000,0x000000000de10000)]
=>0x0000000005a57000 JavaThread "main" [_thread_in_native, id=6756, stack(0x00000000001c0000,0x00000000041c0000)]

Other Threads:
  0x000000000da41800 VMThread [stack: 0x0000000050dd0000,0x0000000054dd0000] [id=3292]
  0x000000000daf1800 WatcherThread [stack: 0x0000000061d30000,0x0000000065d30000] [id=7840]

VM state:not at safepoint (normal execution)

VM Mutex/Monitor currently owned by a thread: None

Heap
 PSYoungGen      total 31424K, used 16944K [0x000000003d8d0000, 0x00000000405f0000, 0x00000000409d0000)
  eden space 17280K, 36% used [0x000000003d8d0000,0x000000003def83c8,0x000000003e9b0000)
  from space 14144K, 75% used [0x000000003f7e0000,0x0000000040243d78,0x00000000405b0000)
  to   space 14464K, 0% used [0x000000003e9b0000,0x000000003e9b0000,0x000000003f7d0000)
 PSOldGen        total 54656K, used 41623K [0x00000000345d0000, 0x0000000037b30000, 0x000000003d8d0000)
  object space 54656K, 76% used [0x00000000345d0000,0x0000000036e75f98,0x0000000037b30000)
 PSPermGen       total 88128K, used 61391K [0x000000002c5d0000, 0x0000000031be0000, 0x00000000345d0000)
  object space 88128K, 69% used [0x000000002c5d0000,0x00000000301c3e58,0x0000000031be0000)

Dynamic libraries:
0x000000013f200000 - 0x000000013f22d000 	C:\Program Files\MATLAB\R2012b\bin\win64\MATLAB.exe
0x0000000077020000 - 0x00000000771cb000 	C:\Windows\SYSTEM32\ntdll.dll
0x0000000076e00000 - 0x0000000076f1f000 	C:\Windows\system32\kernel32.dll
0x000007fefd170000 - 0x000007fefd1db000 	C:\Windows\system32\KERNELBASE.dll
0x0000000074460000 - 0x000000007451f000 	C:\Program Files\MATLAB\R2012b\bin\win64\libut.dll
0x00000000758a0000 - 0x000000007595c000 	C:\Program Files\MATLAB\R2012b\bin\win64\libmwi18n.dll
0x0000000180000000 - 0x000000018000b000 	C:\Program Files\MATLAB\R2012b\bin\win64\libmwresource_core.dll
0x000000005d780000 - 0x000000005d853000 	C:\Windows\WinSxS\amd64_microsoft.vc90.crt_1fc8b3b9a1e18e3b_9.0.30729.6161_none_08e61857a83bc251\MSVCP90.dll
0x0000000072400000 - 0x00000000724a3000 	C:\Windows\WinSxS\amd64_microsoft.vc90.crt_1fc8b3b9a1e18e3b_9.0.30729.6161_none_08e61857a83bc251\MSVCR90.dll
0x000000007a170000 - 0x000000007a19c000 	C:\Program Files\MATLAB\R2012b\bin\win64\boost_filesystem-vc90-mt-1_44.dll
0x000000007a560000 - 0x000000007a569000 	C:\Program Files\MATLAB\R2012b\bin\win64\boost_system-vc90-mt-1_44.dll
0x000007fefd490000 - 0x000007fefd56b000 	C:\Windows\system32\ADVAPI32.dll
0x000007fefd570000 - 0x000007fefd60f000 	C:\Windows\system32\msvcrt.dll
0x000007fefd680000 - 0x000007fefd69f000 	C:\Windows\SYSTEM32\sechost.dll
0x000007fefd350000 - 0x000007fefd47e000 	C:\Windows\system32\RPCRT4.dll
0x000000007a010000 - 0x000000007a035000 	C:\Program Files\MATLAB\R2012b\bin\win64\LIBEXPAT.dll
0x000000005d0d0000 - 0x000000005d2c1000 	C:\Program Files\MATLAB\R2012b\bin\win64\icuin44.dll
0x000000005d560000 - 0x000000005d6d1000 	C:\Program Files\MATLAB\R2012b\bin\win64\icuuc44.dll
0x0000000010000000 - 0x0000000010e41000 	C:\Program Files\MATLAB\R2012b\bin\win64\icudt44.dll
0x0000000073f70000 - 0x000000007411d000 	C:\Program Files\MATLAB\R2012b\bin\win64\libmwfl.dll
0x0000000004470000 - 0x0000000004826000 	C:\Program Files\MATLAB\R2012b\bin\win64\libmwMATLAB_res.dll
0x000000007a3b0000 - 0x000000007a3c0000 	C:\Program Files\MATLAB\R2012b\bin\win64\boost_date_time-vc90-mt-1_44.dll
0x000000007a250000 - 0x000000007a263000 	C:\Program Files\MATLAB\R2012b\bin\win64\boost_signals-vc90-mt-1_44.dll
0x000000007a2d0000 - 0x000000007a2e2000 	C:\Program Files\MATLAB\R2012b\bin\win64\boost_thread-vc90-mt-1_44.dll
0x00000000041c0000 - 0x000000000427d000 	C:\Program Files\MATLAB\R2012b\bin\win64\boost_log-vc90-mt-1_44.dll
0x00000000771f0000 - 0x00000000771f7000 	C:\Windows\system32\PSAPI.DLL
0x000007fefdcc0000 - 0x000007fefdd0d000 	C:\Windows\system32\WS2_32.dll
0x000007fefd480000 - 0x000007fefd488000 	C:\Windows\system32\NSI.dll
0x0000000004280000 - 0x00000000042c6000 	C:\Program Files\MATLAB\R2012b\bin\win64\tbb.dll
0x000007feff210000 - 0x000007feff227000 	C:\Windows\system32\imagehlp.dll
0x000000005d920000 - 0x000000005d933000 	C:\Program Files\MATLAB\R2012b\bin\win64\icuio44.dll
0x000007fef9cb0000 - 0x000007fef9dd5000 	C:\Windows\system32\dbghelp.dll
0x0000000076f20000 - 0x000000007701a000 	C:\Windows\system32\USER32.dll
0x000007fefd610000 - 0x000007fefd677000 	C:\Windows\system32\GDI32.dll
0x000007fefe110000 - 0x000007fefe11e000 	C:\Windows\system32\LPK.dll
0x000007fefe120000 - 0x000007fefe1ea000 	C:\Windows\system32\USP10.dll
0x0000000004830000 - 0x0000000004b0c000 	C:\Program Files\MATLAB\R2012b\bin\win64\libmwservices.dll
0x0000000075a20000 - 0x0000000075af3000 	C:\Program Files\MATLAB\R2012b\bin\win64\libmx.dll
0x00000000042f0000 - 0x0000000004319000 	C:\Program Files\MATLAB\R2012b\bin\win64\tbbmalloc.dll
0x000000007a210000 - 0x000000007a228000 	C:\Program Files\MATLAB\R2012b\bin\win64\zlib1.dll
0x0000000004b10000 - 0x0000000004b5d000 	C:\Program Files\MATLAB\R2012b\bin\win64\libmwregexp.dll
0x0000000004b60000 - 0x0000000004b83000 	C:\Program Files\MATLAB\R2012b\bin\win64\libmwmfl_scalar.dll
0x0000000075f10000 - 0x0000000075f60000 	C:\Program Files\MATLAB\R2012b\bin\win64\mpath.dll
0x000000007b680000 - 0x000000007bc9a000 	C:\Program Files\MATLAB\R2012b\bin\win64\mlutil.dll
0x00000000754d0000 - 0x0000000075551000 	C:\Program Files\MATLAB\R2012b\bin\win64\xmlcore.dll
0x0000000004bb0000 - 0x0000000004e03000 	C:\Program Files\MATLAB\R2012b\bin\win64\xerces-c_2_7.dll
0x0000000004e20000 - 0x0000000004e40000 	C:\Program Files\MATLAB\R2012b\bin\win64\libmwMATLAB_settings_res.dll
0x0000000004e50000 - 0x0000000004e60000 	C:\Program Files\MATLAB\R2012b\bin\win64\boost_iostreams-vc90-mt-1_44.dll
0x0000000004e70000 - 0x0000000004eb7000 	C:\Program Files\MATLAB\R2012b\bin\win64\boost_serialization-vc90-mt-1_44.dll
0x000007fefe480000 - 0x000007feff206000 	C:\Windows\system32\SHELL32.dll
0x000007fefe1f0000 - 0x000007fefe261000 	C:\Windows\system32\SHLWAPI.dll
0x000007fefd0b0000 - 0x000007fefd150000 	C:\Windows\WinSxS\amd64_microsoft.windows.common-controls_6595b64144ccf1df_5.82.7600.16385_none_a44af8ec57f961cf\COMCTL32.dll
0x000007fefde90000 - 0x000007fefdf28000 	C:\Windows\system32\COMDLG32.dll
0x000007fefb140000 - 0x000007fefb156000 	C:\Windows\system32\NETAPI32.dll
0x000007fefb130000 - 0x000007fefb13c000 	C:\Windows\system32\netutils.dll
0x000007fefcb70000 - 0x000007fefcb93000 	C:\Windows\system32\srvcli.dll
0x000007fefb110000 - 0x000007fefb125000 	C:\Windows\system32\wkscli.dll
0x000007fefe270000 - 0x000007fefe471000 	C:\Windows\system32\ole32.dll
0x000007fefd980000 - 0x000007fefda57000 	C:\Windows\system32\OLEAUT32.dll
0x0000000074970000 - 0x0000000074a31000 	C:\Program Files\MATLAB\R2012b\bin\win64\mcr.dll
0x0000000075000000 - 0x00000000753e9000 	C:\Program Files\MATLAB\R2012b\bin\win64\iqm.dll
0x0000000074e80000 - 0x0000000074f38000 	C:\Program Files\MATLAB\R2012b\bin\win64\m_dispatcher.dll
0x0000000074880000 - 0x000000007496d000 	C:\Program Files\MATLAB\R2012b\bin\win64\boost_regex-vc90-mt-1_44.dll
0x000007fee7250000 - 0x000007fee7ac1000 	C:\Program Files\MATLAB\R2012b\bin\win64\m_interpreter.dll
0x000000005d8f0000 - 0x000000005d917000 	C:\Program Files\MATLAB\R2012b\bin\win64\libmex.dll
0x000000005d860000 - 0x000000005d8e4000 	C:\Program Files\MATLAB\R2012b\bin\win64\profiler.dll
0x0000000004f40000 - 0x00000000051aa000 	C:\Program Files\MATLAB\R2012b\bin\win64\libmwmathutil.dll
0x0000000079f40000 - 0x0000000079f6e000 	C:\Program Files\MATLAB\R2012b\bin\win64\libmwmathrng.dll
0x00000000051d0000 - 0x00000000051e2000 	C:\Program Files\MATLAB\R2012b\bin\win64\libmwmfl_rng.dll
0x0000000074c10000 - 0x0000000074cee000 	C:\Program Files\MATLAB\R2012b\bin\win64\libmwmathcore.dll
0x0000000076160000 - 0x00000000761ca000 	C:\Program Files\MATLAB\R2012b\bin\win64\libmwspmatrix.dll
0x0000000075ea0000 - 0x0000000075f02000 	C:\Program Files\MATLAB\R2012b\bin\win64\libmwcholmod.dll
0x000000007a460000 - 0x000000007a46d000 	C:\Program Files\MATLAB\R2012b\bin\win64\libmwamd.dll
0x000000007a4b0000 - 0x000000007a4bc000 	C:\Program Files\MATLAB\R2012b\bin\win64\libmwcolamd.dll
0x000000007a290000 - 0x000000007a2a9000 	C:\Program Files\MATLAB\R2012b\bin\win64\libmwblas.dll
0x000000007a310000 - 0x000000007a321000 	C:\Program Files\MATLAB\R2012b\bin\win64\libmwbinder.dll
0x000000007a4d0000 - 0x000000007a4dc000 	C:\Program Files\MATLAB\R2012b\bin\win64\libmwompwrapper.dll
0x0000000005280000 - 0x0000000005305000 	C:\Program Files\MATLAB\R2012b\bin\win64\libmwlapack.dll
0x000000005d750000 - 0x000000005d771000 	C:\Program Files\MATLAB\R2012b\bin\win64\m_pcodeio.dll
0x0000000079b10000 - 0x0000000079b77000 	C:\Program Files\MATLAB\R2012b\bin\win64\m_ir.dll
0x0000000057d60000 - 0x00000000583d0000 	C:\Program Files\MATLAB\R2012b\bin\win64\m_parser.dll
0x0000000067810000 - 0x000000006782a000 	C:\Program Files\MATLAB\R2012b\bin\win64\ir_xfmr.dll
0x000007feea1b0000 - 0x000007feea446000 	C:\Program Files\MATLAB\R2012b\bin\win64\mcos.dll
0x000000005d710000 - 0x000000005d721000 	C:\Program Files\MATLAB\R2012b\bin\win64\mtok.dll
0x000000005d520000 - 0x000000005d551000 	C:\Program Files\MATLAB\R2012b\bin\win64\m_pcodegen.dll
0x0000000079fb0000 - 0x0000000079fe6000 	C:\Program Files\MATLAB\R2012b\bin\win64\libmwbridge.dll
0x000000005d450000 - 0x000000005d518000 	C:\Program Files\MATLAB\R2012b\bin\win64\udd.dll
0x000000005cf00000 - 0x000000005d052000 	C:\Program Files\MATLAB\R2012b\bin\win64\libmwgui.dll
0x000000005d730000 - 0x000000005d747000 	C:\Program Files\MATLAB\R2012b\bin\win64\graphics_util.dll
0x0000000057300000 - 0x0000000057d5f000 	C:\Program Files\MATLAB\R2012b\bin\win64\hg.dll
0x00000000053e0000 - 0x0000000005448000 	C:\Program Files\MATLAB\R2012b\bin\win64\libmat.dll
0x0000000072d30000 - 0x0000000072f44000 	C:\Program Files\MATLAB\R2012b\bin\win64\hdf5dll.dll
0x0000000075710000 - 0x00000000757de000 	C:\Program Files\MATLAB\R2012b\bin\win64\jmi.dll
0x0000000005480000 - 0x000000000548d000 	C:\Program Files\MATLAB\R2012b\bin\win64\nativejava_services.dll
0x000000005d400000 - 0x000000005d446000 	C:\Program Files\MATLAB\R2012b\bin\win64\libmwhardcopy.dll
0x000000005d390000 - 0x000000005d3f3000 	C:\Program Files\MATLAB\R2012b\bin\win64\libuij.dll
0x000000005cc90000 - 0x000000005cef4000 	C:\Program Files\MATLAB\R2012b\bin\win64\hgdatatypes.dll
0x000000005cb70000 - 0x000000005cc8f000 	C:\Program Files\MATLAB\R2012b\bin\win64\hgutils.dll
0x000000005cab0000 - 0x000000005cb70000 	C:\Program Files\MATLAB\R2012b\bin\win64\udd_mi.dll
0x00000000054f0000 - 0x000000000552b000 	C:\Program Files\MATLAB\R2012b\bin\win64\libmwgbtutils.dll
0x0000000005540000 - 0x000000000555b000 	C:\Program Files\MATLAB\R2012b\bin\win64\libmwgbt.dll
0x0000000005570000 - 0x0000000005841000 	C:\Program Files\MATLAB\R2012b\bin\win64\uiw.dll
0x000000005db80000 - 0x000000005db8f000 	C:\Program Files\MATLAB\R2012b\bin\win64\uinone.dll
0x0000000005870000 - 0x0000000005899000 	C:\Program Files\MATLAB\R2012b\bin\win64\libmwnativefiledialogs.dll
0x00000000058b0000 - 0x00000000058b8000 	C:\Program Files\MATLAB\R2012b\bin\win64\libmwplatform_res.dll
0x000007fef9710000 - 0x000007fef9728000 	C:\Windows\system32\MPR.dll
0x0000000056e10000 - 0x00000000572f4000 	C:\Windows\WinSxS\amd64_microsoft.vc90.mfc_1fc8b3b9a1e18e3b_9.0.30729.6161_none_044aad0bab1eb146\mfc90.dll
0x000007fef9a30000 - 0x000007fef9a37000 	C:\Windows\system32\MSIMG32.dll
0x000007fef99c0000 - 0x000007fef9a30000 	C:\Windows\system32\WINSPOOL.DRV
0x000000005d360000 - 0x000000005d382000 	C:\Program Files\MATLAB\R2012b\bin\win64\mwoles05.DLL
0x000000005ca30000 - 0x000000005caad000 	C:\Program Files\MATLAB\R2012b\bin\win64\comcli.dll
0x000000005ca00000 - 0x000000005ca2f000 	C:\Windows\WinSxS\amd64_microsoft.vc90.atl_1fc8b3b9a1e18e3b_9.0.30729.6161_none_0a1fd3a3a768b895\ATL90.DLL
0x000000006fb00000 - 0x000000006fb0c000 	C:\Program Files\MATLAB\R2012b\bin\win64\mlautoregister.dll
0x000007feff230000 - 0x000007feff25e000 	C:\Windows\system32\IMM32.DLL
0x000007fefd870000 - 0x000007fefd979000 	C:\Windows\system32\MSCTF.dll
0x000007fefb7b0000 - 0x000007fefb806000 	C:\Windows\system32\UxTheme.dll
0x000007fefb950000 - 0x000007fefb968000 	C:\Windows\system32\dwmapi.dll
0x000000005d700000 - 0x000000005d70d000 	C:\Windows\WinSxS\amd64_microsoft.vc90.mfcloc_1fc8b3b9a1e18e3b_9.0.30729.6161_none_01c9581e60cbee58\MFC90ENU.DLL
0x0000000078870000 - 0x0000000078ecd000 	C:\Program Files\MATLAB\R2012b\sys\java\jre\win64\jre\bin\server\jvm.dll
0x000007fef9980000 - 0x000007fef99bb000 	C:\Windows\system32\WINMM.dll
0x000007fefcf80000 - 0x000007fefcf8f000 	C:\Windows\system32\profapi.dll
0x000007fefaba0000 - 0x000007fefabb5000 	C:\Windows\system32\NLAapi.dll
0x000007fefc7b0000 - 0x000007fefc804000 	C:\Windows\System32\mswsock.dll
0x000007fefc630000 - 0x000007fefc68b000 	C:\Windows\system32\DNSAPI.dll
0x000007fef7fc0000 - 0x000007fef7fcb000 	C:\Windows\System32\winrnr.dll
0x000007fef7fa0000 - 0x000007fef7fb5000 	C:\Windows\system32\napinsp.dll
0x000007fef7f80000 - 0x000007fef7f99000 	C:\Windows\system32\pnrpnsp.dll
0x000007fef7f70000 - 0x000007fef7f80000 	C:\Windows\system32\wshbth.dll

VM Arguments:
jvm_args: -Xss512k -XX:PermSize=32m -Xms64m -XX:NewRatio=3 -XX:MaxPermSize=128m -Xmx196m -XX:MaxDirectMemorySize=2147400000 -Dsun.java2d.noddraw=true -Dsun.awt.nopixfmt=true -Xshare:off -Xrs -Dsun.awt.disableMixing=true -Djava.library.path=C:\Program Files\MATLAB\R2012b\bin\win64;C:\Program Files\MATLAB\R2012b\sys\jxbrowser\win64\lib vfprintf abort 
java_command: <unknown>
Launcher Type: generic

Environment Variables:
JAVA_HOME=C:\Program Files\Java\jdk1.7.0_75
PATH=C:\WinAVR-20100110\bin;C:\WinAVR-20100110\utils\bin;C:\Windows\system32;C:\Windows;C:\Windows\System32\Wbem;C:\Windows\System32\WindowsPowerShell\v1.0\;C:\Program Files\MATLAB\R2012b\runtime\win64;C:\Program Files\MATLAB\R2012b\bin;C:\Program Files\MATLAB\R2010a\runtime\win64;C:\Program Files\MATLAB\R2010a\bin;C:\Program Files (x86)\Common Files\lenovo\easyplussdk\bin;C:\Program Files (x86)\Skype\Phone\;C:\Program Files\Microsoft Windows Performance Toolkit\;C:\Program Files (x86)\Bitvise SSH Client;C:\Program Files\Java\jdk1.7.0_75\bin;C:\Program Files\MATLAB\R2012b\toolbox\imaq\imaqextern\drivers\win64\genicam\GenICam_v2_3\bin\Win64_x64
USERNAME=JTS_acer1
OS=Windows_NT
PROCESSOR_IDENTIFIER=Intel64 Family 6 Model 55 Stepping 8, GenuineIntel



---------------  S Y S T E M  ---------------

OS: Windows 7 Build 7600 

CPU:total 4 (8 cores per cpu, 2 threads per core) family 6 model 55 stepping 8, cmov, cx8, fxsr, mmx, sse, sse2, sse3, ssse3, sse4.1, sse4.2, ht

Memory: 4k page, physical 4077940k(1201444k free), swap 8153984k(4228444k free)

vm_info: Java HotSpot(TM) 64-Bit Server VM (14.3-b01) for windows-amd64 JRE (1.6.0_17-b04), built on Oct 11 2009 00:46:08 by "java_re" with MS VC++ 8.0

time: Wed Apr 20 14:15:55 2016
elapsed time: 2158 seconds

