#
# A fatal error has been detected by the Java Runtime Environment:
#
#  EXCEPTION_ACCESS_VIOLATION (0xc0000005) at pc=0x00000000257c2e92, pid=6020, tid=2864
#
# JRE version: 6.0_17-b04
# Java VM: Java HotSpot(TM) 64-Bit Server VM (14.3-b01 mixed mode windows-amd64 )
# Problematic frame:
# C  0x00000000257c2e92
#
# If you would like to submit a bug report, please visit:
#   http://java.sun.com/webapps/bugreport/crash.jsp
# The crash happened outside the Java Virtual Machine in native code.
# See problematic frame for where to report the bug.
#

---------------  T H R E A D  ---------------

Current thread (0x0000000005d47000):  JavaThread "main" [_thread_in_native, id=2864, stack(0x0000000000200000,0x0000000004200000)]

siginfo: ExceptionCode=0xc0000005, reading address 0xffffffff880eefec

Registers:
EAX=0xffffffff880eefe0, EBX=0x000000002ff7f498, ECX=0x00000000041ea0c0, EDX=0x00000000292b4ba0
ESP=0x00000000041ea080, EBP=0x00000000041eab88, ESI=0x0000000000000002, EDI=0x00000000294959ae
EIP=0x00000000257c2e92, EFLAGS=0x0000000000010282

Top of Stack: (sp=0x00000000041ea080)
0x00000000041ea080:   00000000041ea0c0 00000000257f54f8
0x00000000041ea090:   0000000000000000 00000000041eab88
0x00000000041ea0a0:   0000000000000001 ffffffff880eefe0
0x00000000041ea0b0:   00000000fcf25660 0000000000000000
0x00000000041ea0c0:   74726f5058545852 29286e696172643a
0x00000000041ea0d0:   736e727574657220 000000000a30203a
0x00000000041ea0e0:   0000000000000000 000000002efabac0
0x00000000041ea0f0:   0000000000000000 000007fe00000000
0x00000000041ea100:   000007fe00000000 000000000e0c00b8
0x00000000041ea110:   0000000100000000 000000000e0c00b8
0x00000000041ea120:   00000000041ea180 000000002f15af00
0x00000000041ea130:   000000002d59c578 000000003e88a800
0x00000000041ea140:   00000000041ea140 000000002efabd00
0x00000000041ea150:   0000000000000000 0000000000000000
0x00000000041ea160:   0000000000000000 000000002c4beda0
0x00000000041ea170:   0000000000000000 0000000000000000 

Instructions: (pc=0x00000000257c2e92)
0x00000000257c2e82:   00 00 00 48 83 7c 24 28 00 74 77 48 8b 44 24 28
0x00000000257c2e92:   83 78 0c 00 74 6c 4c 8b 4c 24 28 4c 8d 84 24 98 


Stack: [0x0000000000200000,0x0000000004200000],  sp=0x00000000041ea080,  free space=65448k
Native frames: (J=compiled Java code, j=interpreted, Vv=VM code, C=native code)
C  0x00000000257c2e92
j  gnu.io.RXTXPort$SerialOutputStream.flush()V+92
j  java.io.DataOutputStream.flush()V+4
j  com.mathworks.toolbox.instrument.SerialComm.writeAsciiToHardware(Ljava/lang/String;)I+183
j  com.mathworks.toolbox.instrument.InstrumentWriter.writeAsciiSync(Ljava/lang/String;)[Ljava/lang/Object;+7
j  com.mathworks.toolbox.instrument.InstrumentWriter.writeAscii(Ljava/lang/String;I)[Ljava/lang/Object;+40
j  com.mathworks.toolbox.instrument.InstrumentWriter.fprintfHelper(Ljava/lang/String;I)V+49
j  com.mathworks.toolbox.instrument.InstrumentWriter.fprintf(Ljava/lang/String;I)V+31
v  ~StubRoutines::call_stub

Java frames: (J=compiled Java code, j=interpreted, Vv=VM code)
j  gnu.io.RXTXPort.nativeDrain(Z)Z+0
j  gnu.io.RXTXPort$SerialOutputStream.flush()V+92
j  java.io.DataOutputStream.flush()V+4
j  com.mathworks.toolbox.instrument.SerialComm.writeAsciiToHardware(Ljava/lang/String;)I+183
j  com.mathworks.toolbox.instrument.InstrumentWriter.writeAsciiSync(Ljava/lang/String;)[Ljava/lang/Object;+7
j  com.mathworks.toolbox.instrument.InstrumentWriter.writeAscii(Ljava/lang/String;I)[Ljava/lang/Object;+40
j  com.mathworks.toolbox.instrument.InstrumentWriter.fprintfHelper(Ljava/lang/String;I)V+49
j  com.mathworks.toolbox.instrument.InstrumentWriter.fprintf(Ljava/lang/String;I)V+31
v  ~StubRoutines::call_stub

---------------  P R O C E S S  ---------------

Java Threads: ( => current thread )
  0x000000000f586800 JavaThread "Thread-56" [_thread_in_native, id=1044, stack(0x0000000088070000,0x00000000880f0000)]
  0x000000000f592000 JavaThread "Timer-InstrumentReadWritePoll" [_thread_blocked, id=5876, stack(0x000000007eef0000,0x000000007ef70000)]
  0x000000000f58e000 JavaThread "Code Analyzer updating thread" [_thread_blocked, id=4492, stack(0x0000000028070000,0x00000000280f0000)]
  0x000000000f58f800 JavaThread "Active Reference Queue Daemon" daemon [_thread_blocked, id=5688, stack(0x0000000027e20000,0x0000000027ea0000)]
  0x000000000f590000 JavaThread "Timer-17" daemon [_thread_blocked, id=1752, stack(0x0000000025570000,0x00000000255f0000)]
  0x000000000f58e800 JavaThread "Swing-Shell" daemon [_thread_blocked, id=920, stack(0x00000000256d0000,0x0000000025750000)]
  0x000000000f58d000 JavaThread "Timer-8" daemon [_thread_blocked, id=3504, stack(0x00000000603e0000,0x0000000060460000)]
  0x000000000f58b000 JavaThread "Explorer NavigationContext request queue" [_thread_blocked, id=4812, stack(0x000000005d190000,0x000000005d210000)]
  0x000000000f589800 JavaThread "AddressBar directory emptiness poller" [_thread_blocked, id=6964, stack(0x0000000060160000,0x00000000601e0000)]
  0x000000000f589000 JavaThread "Explorer Refresh Service 212203931" [_thread_blocked, id=5316, stack(0x00000000601e0000,0x0000000060260000)]
  0x000000000f587800 JavaThread "Timer-1" daemon [_thread_blocked, id=7148, stack(0x000000004cb60000,0x000000004cbe0000)]
  0x000000000f586000 JavaThread "TimerQueue" daemon [_thread_blocked, id=6132, stack(0x000000005d250000,0x000000005d2d0000)]
  0x000000000f585000 JavaThread "Thread-5" daemon [_thread_blocked, id=4720, stack(0x0000000054d20000,0x0000000054da0000)]
  0x000000000f584800 JavaThread "AWT-EventQueue-0" [_thread_blocked, id=3204, stack(0x0000000010e60000,0x0000000010ee0000)]
  0x000000000f584000 JavaThread "AWT-Shutdown" [_thread_blocked, id=5064, stack(0x00000000190a0000,0x0000000019120000)]
  0x000000000f583000 JavaThread "FelixPackageAdmin" daemon [_thread_blocked, id=5220, stack(0x000000005cf00000,0x000000005cf80000)]
  0x000000000f63a800 JavaThread "FelixStartLevel" daemon [_thread_blocked, id=5116, stack(0x000000005ce80000,0x000000005cf00000)]
  0x000000000f7ea800 JavaThread "FelixDispatchQueue" daemon [_thread_blocked, id=2976, stack(0x00000000448d0000,0x0000000044950000)]
  0x000000000f3ec800 JavaThread "com.google.common.base.internal.Finalizer" daemon [_thread_blocked, id=860, stack(0x000000004cac0000,0x000000004cb40000)]
  0x000000000f341000 JavaThread "AWT-Windows" daemon [_thread_in_native, id=4648, stack(0x000000000ff30000,0x000000000ffb0000)]
  0x000000000f2fe000 JavaThread "Java2D Disposer" daemon [_thread_blocked, id=5612, stack(0x0000000010f20000,0x0000000010fa0000)]
  0x000000000efb7800 JavaThread "Timer-0" [_thread_blocked, id=7072, stack(0x000000000e180000,0x000000000e200000)]
  0x000000000eeaf000 JavaThread "EventMgr Dispatcher" daemon [_thread_in_native, id=2848, stack(0x0000000008940000,0x000000000c940000)]
  0x000000000dde5000 JavaThread "Low Memory Detector" daemon [_thread_blocked, id=7124, stack(0x000000000e240000,0x000000000e2c0000)]
  0x000000000ddd9800 JavaThread "CompilerThread1" daemon [_thread_blocked, id=2596, stack(0x0000000058e40000,0x000000005ce40000)]
  0x000000000ddd2000 JavaThread "CompilerThread0" daemon [_thread_blocked, id=4832, stack(0x0000000054dc0000,0x0000000058dc0000)]
  0x000000000ddd0800 JavaThread "Attach Listener" daemon [_thread_blocked, id=4120, stack(0x000000000df30000,0x000000000dfb0000)]
  0x000000000dd75800 JavaThread "Finalizer" daemon [_thread_blocked, id=528, stack(0x000000000d260000,0x000000000d2e0000)]
  0x000000000dd75000 JavaThread "Reference Handler" daemon [_thread_blocked, id=396, stack(0x000000000e040000,0x000000000e0c0000)]
=>0x0000000005d47000 JavaThread "main" [_thread_in_native, id=2864, stack(0x0000000000200000,0x0000000004200000)]

Other Threads:
  0x000000000dd71800 VMThread [stack: 0x0000000050c20000,0x0000000054c20000] [id=6064]
  0x000000000de10800 WatcherThread [stack: 0x0000000066b90000,0x000000006ab90000] [id=4500]

VM state:not at safepoint (normal execution)

VM Mutex/Monitor currently owned by a thread: None

Heap
 PSYoungGen      total 37632K, used 26165K [0x000000003d790000, 0x0000000040890000, 0x0000000040890000)
  eden space 26368K, 66% used [0x000000003d790000,0x000000003e8b06c0,0x000000003f150000)
  from space 11264K, 76% used [0x000000003fd90000,0x00000000405fcf00,0x0000000040890000)
  to   space 11904K, 0% used [0x000000003f150000,0x000000003f150000,0x000000003fcf0000)
 PSOldGen        total 60736K, used 43794K [0x0000000034490000, 0x0000000037fe0000, 0x000000003d790000)
  object space 60736K, 72% used [0x0000000034490000,0x0000000036f54a58,0x0000000037fe0000)
 PSPermGen       total 92160K, used 61342K [0x000000002c490000, 0x0000000031e90000, 0x0000000034490000)
  object space 92160K, 66% used [0x000000002c490000,0x00000000300779a0,0x0000000031e90000)

Dynamic libraries:
0x000000013fa40000 - 0x000000013fa6d000 	C:\Program Files\MATLAB\R2012b\bin\win64\MATLAB.exe
0x0000000077820000 - 0x00000000779cb000 	C:\Windows\SYSTEM32\ntdll.dll
0x0000000077700000 - 0x000000007781f000 	C:\Windows\system32\kernel32.dll
0x000007fefd9a0000 - 0x000007fefda0b000 	C:\Windows\system32\KERNELBASE.dll
0x0000000074460000 - 0x000000007451f000 	C:\Program Files\MATLAB\R2012b\bin\win64\libut.dll
0x00000000758a0000 - 0x000000007595c000 	C:\Program Files\MATLAB\R2012b\bin\win64\libmwi18n.dll
0x0000000180000000 - 0x000000018000b000 	C:\Program Files\MATLAB\R2012b\bin\win64\libmwresource_core.dll
0x0000000062ce0000 - 0x0000000062db3000 	C:\Windows\WinSxS\amd64_microsoft.vc90.crt_1fc8b3b9a1e18e3b_9.0.30729.6161_none_08e61857a83bc251\MSVCP90.dll
0x0000000072e10000 - 0x0000000072eb3000 	C:\Windows\WinSxS\amd64_microsoft.vc90.crt_1fc8b3b9a1e18e3b_9.0.30729.6161_none_08e61857a83bc251\MSVCR90.dll
0x000000007a170000 - 0x000000007a19c000 	C:\Program Files\MATLAB\R2012b\bin\win64\boost_filesystem-vc90-mt-1_44.dll
0x000000007a560000 - 0x000000007a569000 	C:\Program Files\MATLAB\R2012b\bin\win64\boost_system-vc90-mt-1_44.dll
0x000007fefe520000 - 0x000007fefe5fb000 	C:\Windows\system32\ADVAPI32.dll
0x000007fefe600000 - 0x000007fefe69f000 	C:\Windows\system32\msvcrt.dll
0x000007fefe080000 - 0x000007fefe09f000 	C:\Windows\SYSTEM32\sechost.dll
0x000007fefe3f0000 - 0x000007fefe51e000 	C:\Windows\system32\RPCRT4.dll
0x000000007a010000 - 0x000000007a035000 	C:\Program Files\MATLAB\R2012b\bin\win64\LIBEXPAT.dll
0x0000000062ae0000 - 0x0000000062cd1000 	C:\Program Files\MATLAB\R2012b\bin\win64\icuin44.dll
0x0000000062960000 - 0x0000000062ad1000 	C:\Program Files\MATLAB\R2012b\bin\win64\icuuc44.dll
0x0000000010000000 - 0x0000000010e41000 	C:\Program Files\MATLAB\R2012b\bin\win64\icudt44.dll
0x0000000073f70000 - 0x000000007411d000 	C:\Program Files\MATLAB\R2012b\bin\win64\libmwfl.dll
0x0000000004250000 - 0x0000000004606000 	C:\Program Files\MATLAB\R2012b\bin\win64\libmwMATLAB_res.dll
0x000000007a3b0000 - 0x000000007a3c0000 	C:\Program Files\MATLAB\R2012b\bin\win64\boost_date_time-vc90-mt-1_44.dll
0x000000007a250000 - 0x000000007a263000 	C:\Program Files\MATLAB\R2012b\bin\win64\boost_signals-vc90-mt-1_44.dll
0x000000007a2d0000 - 0x000000007a2e2000 	C:\Program Files\MATLAB\R2012b\bin\win64\boost_thread-vc90-mt-1_44.dll
0x0000000004650000 - 0x000000000470d000 	C:\Program Files\MATLAB\R2012b\bin\win64\boost_log-vc90-mt-1_44.dll
0x00000000779e0000 - 0x00000000779e7000 	C:\Windows\system32\PSAPI.DLL
0x000007feffa90000 - 0x000007feffadd000 	C:\Windows\system32\WS2_32.dll
0x000007fefdfa0000 - 0x000007fefdfa8000 	C:\Windows\system32\NSI.dll
0x0000000004720000 - 0x0000000004766000 	C:\Program Files\MATLAB\R2012b\bin\win64\tbb.dll
0x000007fefdd30000 - 0x000007fefdd47000 	C:\Windows\system32\imagehlp.dll
0x00000000644a0000 - 0x00000000644b3000 	C:\Program Files\MATLAB\R2012b\bin\win64\icuio44.dll
0x000007fefa4b0000 - 0x000007fefa5d5000 	C:\Windows\system32\dbghelp.dll
0x0000000077600000 - 0x00000000776fa000 	C:\Windows\system32\USER32.dll
0x000007fefdf30000 - 0x000007fefdf97000 	C:\Windows\system32\GDI32.dll
0x000007fefe1d0000 - 0x000007fefe1de000 	C:\Windows\system32\LPK.dll
0x000007fefdfb0000 - 0x000007fefe07a000 	C:\Windows\system32\USP10.dll
0x0000000004790000 - 0x0000000004a6c000 	C:\Program Files\MATLAB\R2012b\bin\win64\libmwservices.dll
0x0000000075a20000 - 0x0000000075af3000 	C:\Program Files\MATLAB\R2012b\bin\win64\libmx.dll
0x0000000004a90000 - 0x0000000004ab9000 	C:\Program Files\MATLAB\R2012b\bin\win64\tbbmalloc.dll
0x000000007a210000 - 0x000000007a228000 	C:\Program Files\MATLAB\R2012b\bin\win64\zlib1.dll
0x0000000004ae0000 - 0x0000000004b2d000 	C:\Program Files\MATLAB\R2012b\bin\win64\libmwregexp.dll
0x0000000004b40000 - 0x0000000004b63000 	C:\Program Files\MATLAB\R2012b\bin\win64\libmwmfl_scalar.dll
0x0000000075f10000 - 0x0000000075f60000 	C:\Program Files\MATLAB\R2012b\bin\win64\mpath.dll
0x000000007b680000 - 0x000000007bc9a000 	C:\Program Files\MATLAB\R2012b\bin\win64\mlutil.dll
0x00000000754d0000 - 0x0000000075551000 	C:\Program Files\MATLAB\R2012b\bin\win64\xmlcore.dll
0x0000000004bb0000 - 0x0000000004e03000 	C:\Program Files\MATLAB\R2012b\bin\win64\xerces-c_2_7.dll
0x0000000004e20000 - 0x0000000004e40000 	C:\Program Files\MATLAB\R2012b\bin\win64\libmwMATLAB_settings_res.dll
0x0000000004e50000 - 0x0000000004e60000 	C:\Program Files\MATLAB\R2012b\bin\win64\boost_iostreams-vc90-mt-1_44.dll
0x0000000004e70000 - 0x0000000004eb7000 	C:\Program Files\MATLAB\R2012b\bin\win64\boost_serialization-vc90-mt-1_44.dll
0x000007fefe8c0000 - 0x000007feff646000 	C:\Windows\system32\SHELL32.dll
0x000007fefdd50000 - 0x000007fefddc1000 	C:\Windows\system32\SHLWAPI.dll
0x000007fefda70000 - 0x000007fefdb10000 	C:\Windows\WinSxS\amd64_microsoft.windows.common-controls_6595b64144ccf1df_5.82.7600.16385_none_a44af8ec57f961cf\COMCTL32.dll
0x000007feff760000 - 0x000007feff7f8000 	C:\Windows\system32\COMDLG32.dll
0x000007fefb940000 - 0x000007fefb956000 	C:\Windows\system32\NETAPI32.dll
0x000007fefb930000 - 0x000007fefb93c000 	C:\Windows\system32\netutils.dll
0x000007fefd370000 - 0x000007fefd393000 	C:\Windows\system32\srvcli.dll
0x000007fefb910000 - 0x000007fefb925000 	C:\Windows\system32\wkscli.dll
0x000007fefe1e0000 - 0x000007fefe3e1000 	C:\Windows\system32\ole32.dll
0x000007fefddd0000 - 0x000007fefdea7000 	C:\Windows\system32\OLEAUT32.dll
0x0000000074970000 - 0x0000000074a31000 	C:\Program Files\MATLAB\R2012b\bin\win64\mcr.dll
0x0000000075000000 - 0x00000000753e9000 	C:\Program Files\MATLAB\R2012b\bin\win64\iqm.dll
0x0000000074e80000 - 0x0000000074f38000 	C:\Program Files\MATLAB\R2012b\bin\win64\m_dispatcher.dll
0x0000000074880000 - 0x000000007496d000 	C:\Program Files\MATLAB\R2012b\bin\win64\boost_regex-vc90-mt-1_44.dll
0x000007fee7ab0000 - 0x000007fee8321000 	C:\Program Files\MATLAB\R2012b\bin\win64\m_interpreter.dll
0x0000000063ef0000 - 0x0000000063f17000 	C:\Program Files\MATLAB\R2012b\bin\win64\libmex.dll
0x0000000063e60000 - 0x0000000063ee4000 	C:\Program Files\MATLAB\R2012b\bin\win64\profiler.dll
0x0000000004f40000 - 0x00000000051aa000 	C:\Program Files\MATLAB\R2012b\bin\win64\libmwmathutil.dll
0x0000000079f40000 - 0x0000000079f6e000 	C:\Program Files\MATLAB\R2012b\bin\win64\libmwmathrng.dll
0x00000000051d0000 - 0x00000000051e2000 	C:\Program Files\MATLAB\R2012b\bin\win64\libmwmfl_rng.dll
0x0000000074c10000 - 0x0000000074cee000 	C:\Program Files\MATLAB\R2012b\bin\win64\libmwmathcore.dll
0x0000000076160000 - 0x00000000761ca000 	C:\Program Files\MATLAB\R2012b\bin\win64\libmwspmatrix.dll
0x0000000075ea0000 - 0x0000000075f02000 	C:\Program Files\MATLAB\R2012b\bin\win64\libmwcholmod.dll
0x000000007a460000 - 0x000000007a46d000 	C:\Program Files\MATLAB\R2012b\bin\win64\libmwamd.dll
0x000000007a4b0000 - 0x000000007a4bc000 	C:\Program Files\MATLAB\R2012b\bin\win64\libmwcolamd.dll
0x000000007a290000 - 0x000000007a2a9000 	C:\Program Files\MATLAB\R2012b\bin\win64\libmwblas.dll
0x000000007a310000 - 0x000000007a321000 	C:\Program Files\MATLAB\R2012b\bin\win64\libmwbinder.dll
0x000000007a4d0000 - 0x000000007a4dc000 	C:\Program Files\MATLAB\R2012b\bin\win64\libmwompwrapper.dll
0x0000000005280000 - 0x0000000005305000 	C:\Program Files\MATLAB\R2012b\bin\win64\libmwlapack.dll
0x0000000063e30000 - 0x0000000063e51000 	C:\Program Files\MATLAB\R2012b\bin\win64\m_pcodeio.dll
0x0000000079b10000 - 0x0000000079b77000 	C:\Program Files\MATLAB\R2012b\bin\win64\m_ir.dll
0x00000000622f0000 - 0x0000000062960000 	C:\Program Files\MATLAB\R2012b\bin\win64\m_parser.dll
0x0000000064be0000 - 0x0000000064bfa000 	C:\Program Files\MATLAB\R2012b\bin\win64\ir_xfmr.dll
0x000007fee8910000 - 0x000007fee8ba6000 	C:\Program Files\MATLAB\R2012b\bin\win64\mcos.dll
0x0000000063e10000 - 0x0000000063e21000 	C:\Program Files\MATLAB\R2012b\bin\win64\mtok.dll
0x0000000063dd0000 - 0x0000000063e01000 	C:\Program Files\MATLAB\R2012b\bin\win64\m_pcodegen.dll
0x0000000079fb0000 - 0x0000000079fe6000 	C:\Program Files\MATLAB\R2012b\bin\win64\libmwbridge.dll
0x0000000062220000 - 0x00000000622e8000 	C:\Program Files\MATLAB\R2012b\bin\win64\udd.dll
0x00000000620c0000 - 0x0000000062212000 	C:\Program Files\MATLAB\R2012b\bin\win64\libmwgui.dll
0x0000000063db0000 - 0x0000000063dc7000 	C:\Program Files\MATLAB\R2012b\bin\win64\graphics_util.dll
0x0000000061660000 - 0x00000000620bf000 	C:\Program Files\MATLAB\R2012b\bin\win64\hg.dll
0x00000000053e0000 - 0x0000000005448000 	C:\Program Files\MATLAB\R2012b\bin\win64\libmat.dll
0x0000000005460000 - 0x0000000005674000 	C:\Program Files\MATLAB\R2012b\bin\win64\hdf5dll.dll
0x0000000075710000 - 0x00000000757de000 	C:\Program Files\MATLAB\R2012b\bin\win64\jmi.dll
0x00000000056a0000 - 0x00000000056ad000 	C:\Program Files\MATLAB\R2012b\bin\win64\nativejava_services.dll
0x0000000061610000 - 0x0000000061656000 	C:\Program Files\MATLAB\R2012b\bin\win64\libmwhardcopy.dll
0x00000000615a0000 - 0x0000000061603000 	C:\Program Files\MATLAB\R2012b\bin\win64\libuij.dll
0x0000000061330000 - 0x0000000061594000 	C:\Program Files\MATLAB\R2012b\bin\win64\hgdatatypes.dll
0x0000000061210000 - 0x000000006132f000 	C:\Program Files\MATLAB\R2012b\bin\win64\hgutils.dll
0x0000000061150000 - 0x0000000061210000 	C:\Program Files\MATLAB\R2012b\bin\win64\udd_mi.dll
0x0000000005710000 - 0x000000000574b000 	C:\Program Files\MATLAB\R2012b\bin\win64\libmwgbtutils.dll
0x0000000005760000 - 0x000000000577b000 	C:\Program Files\MATLAB\R2012b\bin\win64\libmwgbt.dll
0x0000000005790000 - 0x0000000005a61000 	C:\Program Files\MATLAB\R2012b\bin\win64\uiw.dll
0x0000000066ae0000 - 0x0000000066aef000 	C:\Program Files\MATLAB\R2012b\bin\win64\uinone.dll
0x0000000005a90000 - 0x0000000005ab9000 	C:\Program Files\MATLAB\R2012b\bin\win64\libmwnativefiledialogs.dll
0x0000000005ad0000 - 0x0000000005ad8000 	C:\Program Files\MATLAB\R2012b\bin\win64\libmwplatform_res.dll
0x000007fefa120000 - 0x000007fefa138000 	C:\Windows\system32\MPR.dll
0x0000000060c60000 - 0x0000000061144000 	C:\Windows\WinSxS\amd64_microsoft.vc90.mfc_1fc8b3b9a1e18e3b_9.0.30729.6161_none_044aad0bab1eb146\mfc90.dll
0x000007fef8990000 - 0x000007fef8997000 	C:\Windows\system32\MSIMG32.dll
0x000007fefa150000 - 0x000007fefa1c0000 	C:\Windows\system32\WINSPOOL.DRV
0x0000000063ce0000 - 0x0000000063d02000 	C:\Program Files\MATLAB\R2012b\bin\win64\mwoles05.DLL
0x0000000060b60000 - 0x0000000060bdd000 	C:\Program Files\MATLAB\R2012b\bin\win64\comcli.dll
0x0000000060c30000 - 0x0000000060c5f000 	C:\Windows\WinSxS\amd64_microsoft.vc90.atl_1fc8b3b9a1e18e3b_9.0.30729.6161_none_0a1fd3a3a768b895\ATL90.DLL
0x0000000063cd0000 - 0x0000000063cdc000 	C:\Program Files\MATLAB\R2012b\bin\win64\mlautoregister.dll
0x000007feff800000 - 0x000007feff82e000 	C:\Windows\system32\IMM32.DLL
0x000007feff650000 - 0x000007feff759000 	C:\Windows\system32\MSCTF.dll
0x000007fefc030000 - 0x000007fefc086000 	C:\Windows\system32\UxTheme.dll
0x000007fefbc10000 - 0x000007fefbc28000 	C:\Windows\system32\dwmapi.dll
0x0000000060c20000 - 0x0000000060c2d000 	C:\Windows\WinSxS\amd64_microsoft.vc90.mfcloc_1fc8b3b9a1e18e3b_9.0.30729.6161_none_01c9581e60cbee58\MFC90ENU.DLL
0x0000000078870000 - 0x0000000078ecd000 	C:\Program Files\MATLAB\R2012b\sys\java\jre\win64\jre\bin\server\jvm.dll
0x000007fef91c0000 - 0x000007fef91fb000 	C:\Windows\system32\WINMM.dll
0x000007fefd780000 - 0x000007fefd78f000 	C:\Windows\system32\profapi.dll
0x000007fefb3a0000 - 0x000007fefb3b5000 	C:\Windows\system32\NLAapi.dll
0x000007fefcfb0000 - 0x000007fefd004000 	C:\Windows\System32\mswsock.dll
0x000007fefce30000 - 0x000007fefce8b000 	C:\Windows\system32\DNSAPI.dll
0x000007fefa2e0000 - 0x000007fefa2eb000 	C:\Windows\System32\winrnr.dll
0x000007fef9300000 - 0x000007fef9315000 	C:\Windows\system32\napinsp.dll
0x000007fef9360000 - 0x000007fef9379000 	C:\Windows\system32\pnrpnsp.dll
0x000007fef9350000 - 0x000007fef9360000 	C:\Windows\system32\wshbth.dll

VM Arguments:
jvm_args: -Xss512k -XX:PermSize=32m -Xms64m -XX:NewRatio=3 -XX:MaxPermSize=128m -Xmx196m -XX:MaxDirectMemorySize=2147400000 -Dsun.java2d.noddraw=true -Dsun.awt.nopixfmt=true -Xshare:off -Xrs -Dsun.awt.disableMixing=true -Djava.library.path=C:\Program Files\MATLAB\R2012b\bin\win64;C:\Program Files\MATLAB\R2012b\sys\jxbrowser\win64\lib vfprintf abort 
java_command: <unknown>
Launcher Type: generic

Environment Variables:
JAVA_HOME=C:\Program Files\Java\jdk1.7.0_75
PATH=C:\WinAVR-20100110\bin;C:\WinAVR-20100110\utils\bin;C:\Windows\system32;C:\Windows;C:\Windows\System32\Wbem;C:\Windows\System32\WindowsPowerShell\v1.0\;C:\Program Files\MATLAB\R2012b\runtime\win64;C:\Program Files\MATLAB\R2012b\bin;C:\Program Files\MATLAB\R2010a\runtime\win64;C:\Program Files\MATLAB\R2010a\bin;C:\Program Files (x86)\Common Files\lenovo\easyplussdk\bin;C:\Program Files (x86)\Skype\Phone\;C:\Program Files\Microsoft Windows Performance Toolkit\;C:\Program Files (x86)\Bitvise SSH Client;C:\Program Files\Java\jdk1.7.0_75\bin;C:\Program Files\MATLAB\R2012b\toolbox\imaq\imaqextern\drivers\win64\genicam\GenICam_v2_3\bin\Win64_x64
USERNAME=JTS_acer1
OS=Windows_NT
PROCESSOR_IDENTIFIER=Intel64 Family 6 Model 55 Stepping 8, GenuineIntel



---------------  S Y S T E M  ---------------

OS: Windows 7 Build 7600 

CPU:total 4 (8 cores per cpu, 2 threads per core) family 6 model 55 stepping 8, cmov, cx8, fxsr, mmx, sse, sse2, sse3, ssse3, sse4.1, sse4.2, ht

Memory: 4k page, physical 4077940k(2081432k free), swap 8153984k(5711408k free)

vm_info: Java HotSpot(TM) 64-Bit Server VM (14.3-b01) for windows-amd64 JRE (1.6.0_17-b04), built on Oct 11 2009 00:46:08 by "java_re" with MS VC++ 8.0

time: Wed Apr 20 20:04:17 2016
elapsed time: 269 seconds

