#
# A fatal error has been detected by the Java Runtime Environment:
#
#  EXCEPTION_ACCESS_VIOLATION (0xc0000005) at pc=0x00000000254c2e92, pid=4620, tid=2876
#
# JRE version: 6.0_17-b04
# Java VM: Java HotSpot(TM) 64-Bit Server VM (14.3-b01 mixed mode windows-amd64 )
# Problematic frame:
# C  0x00000000254c2e92
#
# If you would like to submit a bug report, please visit:
#   http://java.sun.com/webapps/bugreport/crash.jsp
# The crash happened outside the Java Virtual Machine in native code.
# See problematic frame for where to report the bug.
#

---------------  T H R E A D  ---------------

Current thread (0x0000000005b37000):  JavaThread "main" [_thread_in_native, id=2876, stack(0x00000000000e0000,0x00000000040e0000)]

siginfo: ExceptionCode=0xc0000005, reading address 0xffffffff91daee2c

Registers:
EAX=0xffffffff91daee20, EBX=0x00000000300986a8, ECX=0x00000000040c9fb0, EDX=0x0000000025c34ba0
ESP=0x00000000040c9f70, EBP=0x00000000040caa78, ESI=0x0000000000000002, EDI=0x00000000295959ae
EIP=0x00000000254c2e92, EFLAGS=0x0000000000010282

Top of Stack: (sp=0x00000000040c9f70)
0x00000000040c9f70:   00000000040c9fb0 00000000254f54f8
0x00000000040c9f80:   0000000000000000 00000000040caa78
0x00000000040c9f90:   0000000000000001 ffffffff91daee20
0x00000000040c9fa0:   000000007db6e0f0 0000000000000000
0x00000000040c9fb0:   74726f5058545852 29286e696172643a
0x00000000040c9fc0:   736e727574657220 000000000a30203a
0x00000000040c9fd0:   0000000000000000 000000002f0875d0
0x00000000040c9fe0:   0000000000000000 000007fe00000000
0x00000000040c9ff0:   000007fe00000000 000000000d2a00b8
0x00000000040ca000:   0000000100000000 000000000d2a00b8
0x00000000040ca010:   00000000040ca070 0000000029595969
0x00000000040ca020:   000000002d69c4e8 000000003e4066b8
0x00000000040ca030:   00000000040ca030 000000002f087750
0x00000000040ca040:   0000000000000000 0000000000000000
0x00000000040ca050:   000000002fa2e040 000000002c5beda0
0x00000000040ca060:   0000000000000000 0000000000000000 

Instructions: (pc=0x00000000254c2e92)
0x00000000254c2e82:   00 00 00 48 83 7c 24 28 00 74 77 48 8b 44 24 28
0x00000000254c2e92:   83 78 0c 00 74 6c 4c 8b 4c 24 28 4c 8d 84 24 98 


Stack: [0x00000000000e0000,0x00000000040e0000],  sp=0x00000000040c9f70,  free space=65447k
Native frames: (J=compiled Java code, j=interpreted, Vv=VM code, C=native code)
C  0x00000000254c2e92
j  gnu.io.RXTXPort$SerialOutputStream.flush()V+92
j  java.io.DataOutputStream.flush()V+4
j  com.mathworks.toolbox.instrument.SerialComm.writeAsciiToHardware(Ljava/lang/String;)I+183
j  com.mathworks.toolbox.instrument.InstrumentWriter.writeAsciiSync(Ljava/lang/String;)[Ljava/lang/Object;+7
j  com.mathworks.toolbox.instrument.InstrumentWriter.writeAscii(Ljava/lang/String;I)[Ljava/lang/Object;+40
j  com.mathworks.toolbox.instrument.InstrumentWriter.fprintfHelper(Ljava/lang/String;I)V+49
j  com.mathworks.toolbox.instrument.InstrumentWriter.fprintf(Ljava/lang/String;I)V+31
v  ~StubRoutines::call_stub

Java frames: (J=compiled Java code, j=interpreted, Vv=VM code)
j  gnu.io.RXTXPort.nativeDrain(Z)Z+0
j  gnu.io.RXTXPort$SerialOutputStream.flush()V+92
j  java.io.DataOutputStream.flush()V+4
j  com.mathworks.toolbox.instrument.SerialComm.writeAsciiToHardware(Ljava/lang/String;)I+183
j  com.mathworks.toolbox.instrument.InstrumentWriter.writeAsciiSync(Ljava/lang/String;)[Ljava/lang/Object;+7
j  com.mathworks.toolbox.instrument.InstrumentWriter.writeAscii(Ljava/lang/String;I)[Ljava/lang/Object;+40
j  com.mathworks.toolbox.instrument.InstrumentWriter.fprintfHelper(Ljava/lang/String;I)V+49
j  com.mathworks.toolbox.instrument.InstrumentWriter.fprintf(Ljava/lang/String;I)V+31
v  ~StubRoutines::call_stub

---------------  P R O C E S S  ---------------

Java Threads: ( => current thread )
  0x000000000df58800 JavaThread "Thread-54" [_thread_in_native, id=7752, stack(0x0000000091d30000,0x0000000091db0000)]
  0x000000000df55000 JavaThread "Timer-InstrumentReadWritePoll" [_thread_blocked, id=1420, stack(0x0000000088170000,0x00000000881f0000)]
  0x000000000df59000 JavaThread "Inactive RequestProcessor thread [Was:TimedSoftReference/org.openide.util.TimedSoftReference]" daemon [_thread_blocked, id=7968, stack(0x0000000025a20000,0x0000000025aa0000)]
  0x000000000df5b800 JavaThread "Code Analyzer updating thread" [_thread_blocked, id=1496, stack(0x0000000028150000,0x00000000281d0000)]
  0x000000000df5a800 JavaThread "Active Reference Queue Daemon" daemon [_thread_blocked, id=3812, stack(0x0000000027f50000,0x0000000027fd0000)]
  0x000000000df5f800 JavaThread "Timer-20" daemon [_thread_blocked, id=6008, stack(0x0000000027e70000,0x0000000027ef0000)]
  0x000000000df56800 JavaThread "Swing-Shell" daemon [_thread_blocked, id=7468, stack(0x0000000025af0000,0x0000000025b70000)]
  0x000000000df5c000 JavaThread "Timer-9" daemon [_thread_blocked, id=4376, stack(0x0000000050c20000,0x0000000050ca0000)]
  0x000000000df5a000 JavaThread "Explorer NavigationContext request queue" [_thread_blocked, id=6464, stack(0x000000005d9a0000,0x000000005da20000)]
  0x000000000df57800 JavaThread "AddressBar directory emptiness poller" [_thread_blocked, id=1136, stack(0x00000000583e0000,0x0000000058460000)]
  0x000000000df57000 JavaThread "Explorer Refresh Service 1444051400" [_thread_blocked, id=7944, stack(0x0000000025510000,0x0000000025590000)]
  0x000000000df55800 JavaThread "Timer-1" daemon [_thread_blocked, id=7500, stack(0x000000005c810000,0x000000005c890000)]
  0x000000000df54000 JavaThread "TimerQueue" daemon [_thread_blocked, id=4960, stack(0x0000000054dc0000,0x0000000054e40000)]
  0x000000000df53800 JavaThread "Thread-5" daemon [_thread_blocked, id=3792, stack(0x0000000015090000,0x0000000015110000)]
  0x000000000df52800 JavaThread "AWT-EventQueue-0" [_thread_blocked, id=7608, stack(0x000000001d220000,0x000000001d2a0000)]
  0x000000000df52000 JavaThread "AWT-Shutdown" [_thread_blocked, id=5468, stack(0x00000000449e0000,0x0000000044a60000)]
  0x000000000df51000 JavaThread "FelixPackageAdmin" daemon [_thread_blocked, id=7560, stack(0x0000000021410000,0x0000000021490000)]
  0x000000000f71d000 JavaThread "FelixStartLevel" daemon [_thread_blocked, id=7268, stack(0x0000000050b90000,0x0000000050c10000)]
  0x000000000f76a000 JavaThread "FelixDispatchQueue" daemon [_thread_blocked, id=3268, stack(0x0000000044a90000,0x0000000044b10000)]
  0x000000000f401800 JavaThread "com.google.common.base.internal.Finalizer" daemon [_thread_blocked, id=4764, stack(0x00000000212d0000,0x0000000021350000)]
  0x000000000f2e8800 JavaThread "AWT-Windows" daemon [_thread_in_native, id=7884, stack(0x0000000010e60000,0x0000000010ee0000)]
  0x000000000f243000 JavaThread "Java2D Disposer" daemon [_thread_blocked, id=6152, stack(0x000000000ff30000,0x000000000ffb0000)]
  0x000000000f00e800 JavaThread "Timer-0" [_thread_blocked, id=7964, stack(0x000000000fe80000,0x000000000ff00000)]
  0x000000000ef85000 JavaThread "EventMgr Dispatcher" daemon [_thread_in_native, id=4172, stack(0x0000000008830000,0x000000000c830000)]
  0x000000000df63000 JavaThread "Low Memory Detector" daemon [_thread_blocked, id=2932, stack(0x000000000e200000,0x000000000e280000)]
  0x000000000df50800 JavaThread "CompilerThread1" daemon [_thread_blocked, id=7916, stack(0x000000005dc20000,0x0000000061c20000)]
  0x000000000df41000 JavaThread "CompilerThread0" daemon [_thread_blocked, id=3436, stack(0x0000000058460000,0x000000005c460000)]
  0x000000000df3f800 JavaThread "Attach Listener" daemon [_thread_blocked, id=7680, stack(0x000000000e110000,0x000000000e190000)]
  0x000000000deeb000 JavaThread "Finalizer" daemon [_thread_blocked, id=6312, stack(0x000000000d3a0000,0x000000000d420000)]
  0x000000000dee5000 JavaThread "Reference Handler" daemon [_thread_blocked, id=6400, stack(0x000000000cdd0000,0x000000000ce50000)]
=>0x0000000005b37000 JavaThread "main" [_thread_in_native, id=2876, stack(0x00000000000e0000,0x00000000040e0000)]

Other Threads:
  0x000000000dee1800 VMThread [stack: 0x0000000050cb0000,0x0000000054cb0000] [id=7316]
  0x000000000df91800 WatcherThread [stack: 0x0000000061dd0000,0x0000000065dd0000] [id=6276]

VM state:not at safepoint (normal execution)

VM Mutex/Monitor currently owned by a thread: None

Heap
 PSYoungGen      total 33344K, used 24871K [0x000000003d890000, 0x0000000040990000, 0x0000000040990000)
  eden space 16768K, 71% used [0x000000003d890000,0x000000003e456d60,0x000000003e8f0000)
  from space 16576K, 77% used [0x000000003f960000,0x00000000405e3078,0x0000000040990000)
  to   space 16704K, 0% used [0x000000003e8f0000,0x000000003e8f0000,0x000000003f940000)
 PSOldGen        total 62400K, used 38959K [0x0000000034590000, 0x0000000038280000, 0x000000003d890000)
  object space 62400K, 62% used [0x0000000034590000,0x0000000036b9be38,0x0000000038280000)
 PSPermGen       total 92096K, used 61429K [0x000000002c590000, 0x0000000031f80000, 0x0000000034590000)
  object space 92096K, 66% used [0x000000002c590000,0x000000003018d6b0,0x0000000031f80000)

Dynamic libraries:
0x000000013ffc0000 - 0x000000013ffed000 	C:\Program Files\MATLAB\R2012b\bin\win64\MATLAB.exe
0x0000000077020000 - 0x00000000771cb000 	C:\Windows\SYSTEM32\ntdll.dll
0x0000000076e00000 - 0x0000000076f1f000 	C:\Windows\system32\kernel32.dll
0x000007fefd170000 - 0x000007fefd1db000 	C:\Windows\system32\KERNELBASE.dll
0x0000000074460000 - 0x000000007451f000 	C:\Program Files\MATLAB\R2012b\bin\win64\libut.dll
0x00000000758a0000 - 0x000000007595c000 	C:\Program Files\MATLAB\R2012b\bin\win64\libmwi18n.dll
0x0000000180000000 - 0x000000018000b000 	C:\Program Files\MATLAB\R2012b\bin\win64\libmwresource_core.dll
0x000000005cea0000 - 0x000000005cf73000 	C:\Windows\WinSxS\amd64_microsoft.vc90.crt_1fc8b3b9a1e18e3b_9.0.30729.6161_none_08e61857a83bc251\MSVCP90.dll
0x0000000072400000 - 0x00000000724a3000 	C:\Windows\WinSxS\amd64_microsoft.vc90.crt_1fc8b3b9a1e18e3b_9.0.30729.6161_none_08e61857a83bc251\MSVCR90.dll
0x000000007a170000 - 0x000000007a19c000 	C:\Program Files\MATLAB\R2012b\bin\win64\boost_filesystem-vc90-mt-1_44.dll
0x000000007a560000 - 0x000000007a569000 	C:\Program Files\MATLAB\R2012b\bin\win64\boost_system-vc90-mt-1_44.dll
0x000007fefd490000 - 0x000007fefd56b000 	C:\Windows\system32\ADVAPI32.dll
0x000007fefd570000 - 0x000007fefd60f000 	C:\Windows\system32\msvcrt.dll
0x000007fefd680000 - 0x000007fefd69f000 	C:\Windows\SYSTEM32\sechost.dll
0x000007fefd350000 - 0x000007fefd47e000 	C:\Windows\system32\RPCRT4.dll
0x000000007a010000 - 0x000000007a035000 	C:\Program Files\MATLAB\R2012b\bin\win64\LIBEXPAT.dll
0x000000005cca0000 - 0x000000005ce91000 	C:\Program Files\MATLAB\R2012b\bin\win64\icuin44.dll
0x000000005cb20000 - 0x000000005cc91000 	C:\Program Files\MATLAB\R2012b\bin\win64\icuuc44.dll
0x0000000010000000 - 0x0000000010e41000 	C:\Program Files\MATLAB\R2012b\bin\win64\icudt44.dll
0x0000000073f70000 - 0x000000007411d000 	C:\Program Files\MATLAB\R2012b\bin\win64\libmwfl.dll
0x0000000004250000 - 0x0000000004606000 	C:\Program Files\MATLAB\R2012b\bin\win64\libmwMATLAB_res.dll
0x000000007a3b0000 - 0x000000007a3c0000 	C:\Program Files\MATLAB\R2012b\bin\win64\boost_date_time-vc90-mt-1_44.dll
0x000000007a250000 - 0x000000007a263000 	C:\Program Files\MATLAB\R2012b\bin\win64\boost_signals-vc90-mt-1_44.dll
0x000000007a2d0000 - 0x000000007a2e2000 	C:\Program Files\MATLAB\R2012b\bin\win64\boost_thread-vc90-mt-1_44.dll
0x0000000004650000 - 0x000000000470d000 	C:\Program Files\MATLAB\R2012b\bin\win64\boost_log-vc90-mt-1_44.dll
0x00000000771f0000 - 0x00000000771f7000 	C:\Windows\system32\PSAPI.DLL
0x000007fefdcc0000 - 0x000007fefdd0d000 	C:\Windows\system32\WS2_32.dll
0x000007fefd480000 - 0x000007fefd488000 	C:\Windows\system32\NSI.dll
0x0000000004720000 - 0x0000000004766000 	C:\Program Files\MATLAB\R2012b\bin\win64\tbb.dll
0x000007feff210000 - 0x000007feff227000 	C:\Windows\system32\imagehlp.dll
0x000000005d040000 - 0x000000005d053000 	C:\Program Files\MATLAB\R2012b\bin\win64\icuio44.dll
0x000007fef9cb0000 - 0x000007fef9dd5000 	C:\Windows\system32\dbghelp.dll
0x0000000076f20000 - 0x000000007701a000 	C:\Windows\system32\USER32.dll
0x000007fefd610000 - 0x000007fefd677000 	C:\Windows\system32\GDI32.dll
0x000007fefe110000 - 0x000007fefe11e000 	C:\Windows\system32\LPK.dll
0x000007fefe120000 - 0x000007fefe1ea000 	C:\Windows\system32\USP10.dll
0x0000000004790000 - 0x0000000004a6c000 	C:\Program Files\MATLAB\R2012b\bin\win64\libmwservices.dll
0x0000000075a20000 - 0x0000000075af3000 	C:\Program Files\MATLAB\R2012b\bin\win64\libmx.dll
0x0000000004a90000 - 0x0000000004ab9000 	C:\Program Files\MATLAB\R2012b\bin\win64\tbbmalloc.dll
0x000000007a210000 - 0x000000007a228000 	C:\Program Files\MATLAB\R2012b\bin\win64\zlib1.dll
0x0000000004ae0000 - 0x0000000004b2d000 	C:\Program Files\MATLAB\R2012b\bin\win64\libmwregexp.dll
0x0000000004b40000 - 0x0000000004b63000 	C:\Program Files\MATLAB\R2012b\bin\win64\libmwmfl_scalar.dll
0x0000000075f10000 - 0x0000000075f60000 	C:\Program Files\MATLAB\R2012b\bin\win64\mpath.dll
0x000000007b680000 - 0x000000007bc9a000 	C:\Program Files\MATLAB\R2012b\bin\win64\mlutil.dll
0x00000000754d0000 - 0x0000000075551000 	C:\Program Files\MATLAB\R2012b\bin\win64\xmlcore.dll
0x0000000004bb0000 - 0x0000000004e03000 	C:\Program Files\MATLAB\R2012b\bin\win64\xerces-c_2_7.dll
0x0000000004e20000 - 0x0000000004e40000 	C:\Program Files\MATLAB\R2012b\bin\win64\libmwMATLAB_settings_res.dll
0x0000000004e50000 - 0x0000000004e60000 	C:\Program Files\MATLAB\R2012b\bin\win64\boost_iostreams-vc90-mt-1_44.dll
0x0000000004e70000 - 0x0000000004eb7000 	C:\Program Files\MATLAB\R2012b\bin\win64\boost_serialization-vc90-mt-1_44.dll
0x000007fefe480000 - 0x000007feff206000 	C:\Windows\system32\SHELL32.dll
0x000007fefe1f0000 - 0x000007fefe261000 	C:\Windows\system32\SHLWAPI.dll
0x000007fefd0b0000 - 0x000007fefd150000 	C:\Windows\WinSxS\amd64_microsoft.windows.common-controls_6595b64144ccf1df_5.82.7600.16385_none_a44af8ec57f961cf\COMCTL32.dll
0x000007fefde90000 - 0x000007fefdf28000 	C:\Windows\system32\COMDLG32.dll
0x000007fefb140000 - 0x000007fefb156000 	C:\Windows\system32\NETAPI32.dll
0x000007fefb130000 - 0x000007fefb13c000 	C:\Windows\system32\netutils.dll
0x000007fefcb70000 - 0x000007fefcb93000 	C:\Windows\system32\srvcli.dll
0x000007fefb110000 - 0x000007fefb125000 	C:\Windows\system32\wkscli.dll
0x000007fefe270000 - 0x000007fefe471000 	C:\Windows\system32\ole32.dll
0x000007fefd980000 - 0x000007fefda57000 	C:\Windows\system32\OLEAUT32.dll
0x0000000074970000 - 0x0000000074a31000 	C:\Program Files\MATLAB\R2012b\bin\win64\mcr.dll
0x0000000075000000 - 0x00000000753e9000 	C:\Program Files\MATLAB\R2012b\bin\win64\iqm.dll
0x0000000074e80000 - 0x0000000074f38000 	C:\Program Files\MATLAB\R2012b\bin\win64\m_dispatcher.dll
0x0000000074880000 - 0x000000007496d000 	C:\Program Files\MATLAB\R2012b\bin\win64\boost_regex-vc90-mt-1_44.dll
0x000007fee68a0000 - 0x000007fee7111000 	C:\Program Files\MATLAB\R2012b\bin\win64\m_interpreter.dll
0x000000005d010000 - 0x000000005d037000 	C:\Program Files\MATLAB\R2012b\bin\win64\libmex.dll
0x000000005cf80000 - 0x000000005d004000 	C:\Program Files\MATLAB\R2012b\bin\win64\profiler.dll
0x0000000004f40000 - 0x00000000051aa000 	C:\Program Files\MATLAB\R2012b\bin\win64\libmwmathutil.dll
0x0000000079f40000 - 0x0000000079f6e000 	C:\Program Files\MATLAB\R2012b\bin\win64\libmwmathrng.dll
0x00000000051d0000 - 0x00000000051e2000 	C:\Program Files\MATLAB\R2012b\bin\win64\libmwmfl_rng.dll
0x0000000074c10000 - 0x0000000074cee000 	C:\Program Files\MATLAB\R2012b\bin\win64\libmwmathcore.dll
0x0000000076160000 - 0x00000000761ca000 	C:\Program Files\MATLAB\R2012b\bin\win64\libmwspmatrix.dll
0x0000000075ea0000 - 0x0000000075f02000 	C:\Program Files\MATLAB\R2012b\bin\win64\libmwcholmod.dll
0x000000007a460000 - 0x000000007a46d000 	C:\Program Files\MATLAB\R2012b\bin\win64\libmwamd.dll
0x000000007a4b0000 - 0x000000007a4bc000 	C:\Program Files\MATLAB\R2012b\bin\win64\libmwcolamd.dll
0x000000007a290000 - 0x000000007a2a9000 	C:\Program Files\MATLAB\R2012b\bin\win64\libmwblas.dll
0x000000007a310000 - 0x000000007a321000 	C:\Program Files\MATLAB\R2012b\bin\win64\libmwbinder.dll
0x000000007a4d0000 - 0x000000007a4dc000 	C:\Program Files\MATLAB\R2012b\bin\win64\libmwompwrapper.dll
0x0000000005280000 - 0x0000000005305000 	C:\Program Files\MATLAB\R2012b\bin\win64\libmwlapack.dll
0x000000005caf0000 - 0x000000005cb11000 	C:\Program Files\MATLAB\R2012b\bin\win64\m_pcodeio.dll
0x0000000079b10000 - 0x0000000079b77000 	C:\Program Files\MATLAB\R2012b\bin\win64\m_ir.dll
0x00000000576f0000 - 0x0000000057d60000 	C:\Program Files\MATLAB\R2012b\bin\win64\m_parser.dll
0x0000000067810000 - 0x000000006782a000 	C:\Program Files\MATLAB\R2012b\bin\win64\ir_xfmr.dll
0x000007fee75e0000 - 0x000007fee7876000 	C:\Program Files\MATLAB\R2012b\bin\win64\mcos.dll
0x000000005cab0000 - 0x000000005cac1000 	C:\Program Files\MATLAB\R2012b\bin\win64\mtok.dll
0x000000005ca70000 - 0x000000005caa1000 	C:\Program Files\MATLAB\R2012b\bin\win64\m_pcodegen.dll
0x0000000079fb0000 - 0x0000000079fe6000 	C:\Program Files\MATLAB\R2012b\bin\win64\libmwbridge.dll
0x000000005c9a0000 - 0x000000005ca68000 	C:\Program Files\MATLAB\R2012b\bin\win64\udd.dll
0x0000000058270000 - 0x00000000583c2000 	C:\Program Files\MATLAB\R2012b\bin\win64\libmwgui.dll
0x000000005cad0000 - 0x000000005cae7000 	C:\Program Files\MATLAB\R2012b\bin\win64\graphics_util.dll
0x0000000056c90000 - 0x00000000576ef000 	C:\Program Files\MATLAB\R2012b\bin\win64\hg.dll
0x00000000053e0000 - 0x0000000005448000 	C:\Program Files\MATLAB\R2012b\bin\win64\libmat.dll
0x0000000072d30000 - 0x0000000072f44000 	C:\Program Files\MATLAB\R2012b\bin\win64\hdf5dll.dll
0x0000000075710000 - 0x00000000757de000 	C:\Program Files\MATLAB\R2012b\bin\win64\jmi.dll
0x0000000005480000 - 0x000000000548d000 	C:\Program Files\MATLAB\R2012b\bin\win64\nativejava_services.dll
0x000000005c900000 - 0x000000005c946000 	C:\Program Files\MATLAB\R2012b\bin\win64\libmwhardcopy.dll
0x000000005c890000 - 0x000000005c8f3000 	C:\Program Files\MATLAB\R2012b\bin\win64\libuij.dll
0x0000000058000000 - 0x0000000058264000 	C:\Program Files\MATLAB\R2012b\bin\win64\hgdatatypes.dll
0x0000000057ee0000 - 0x0000000057fff000 	C:\Program Files\MATLAB\R2012b\bin\win64\hgutils.dll
0x0000000057e20000 - 0x0000000057ee0000 	C:\Program Files\MATLAB\R2012b\bin\win64\udd_mi.dll
0x00000000054f0000 - 0x000000000552b000 	C:\Program Files\MATLAB\R2012b\bin\win64\libmwgbtutils.dll
0x0000000005540000 - 0x000000000555b000 	C:\Program Files\MATLAB\R2012b\bin\win64\libmwgbt.dll
0x0000000005570000 - 0x0000000005841000 	C:\Program Files\MATLAB\R2012b\bin\win64\uiw.dll
0x000000006fb00000 - 0x000000006fb0f000 	C:\Program Files\MATLAB\R2012b\bin\win64\uinone.dll
0x0000000005870000 - 0x0000000005899000 	C:\Program Files\MATLAB\R2012b\bin\win64\libmwnativefiledialogs.dll
0x00000000058b0000 - 0x00000000058b8000 	C:\Program Files\MATLAB\R2012b\bin\win64\libmwplatform_res.dll
0x000007fef9710000 - 0x000007fef9728000 	C:\Windows\system32\MPR.dll
0x00000000567a0000 - 0x0000000056c84000 	C:\Windows\WinSxS\amd64_microsoft.vc90.mfc_1fc8b3b9a1e18e3b_9.0.30729.6161_none_044aad0bab1eb146\mfc90.dll
0x000007fef9a30000 - 0x000007fef9a37000 	C:\Windows\system32\MSIMG32.dll
0x000007fef99c0000 - 0x000007fef9a30000 	C:\Windows\system32\WINSPOOL.DRV
0x000000005c970000 - 0x000000005c992000 	C:\Program Files\MATLAB\R2012b\bin\win64\mwoles05.DLL
0x0000000057da0000 - 0x0000000057e1d000 	C:\Program Files\MATLAB\R2012b\bin\win64\comcli.dll
0x0000000057d70000 - 0x0000000057d9f000 	C:\Windows\WinSxS\amd64_microsoft.vc90.atl_1fc8b3b9a1e18e3b_9.0.30729.6161_none_0a1fd3a3a768b895\ATL90.DLL
0x000000005db80000 - 0x000000005db8c000 	C:\Program Files\MATLAB\R2012b\bin\win64\mlautoregister.dll
0x000007feff230000 - 0x000007feff25e000 	C:\Windows\system32\IMM32.DLL
0x000007fefd870000 - 0x000007fefd979000 	C:\Windows\system32\MSCTF.dll
0x000007fefb7b0000 - 0x000007fefb806000 	C:\Windows\system32\UxTheme.dll
0x000007fefb950000 - 0x000007fefb968000 	C:\Windows\system32\dwmapi.dll
0x000000005c960000 - 0x000000005c96d000 	C:\Windows\WinSxS\amd64_microsoft.vc90.mfcloc_1fc8b3b9a1e18e3b_9.0.30729.6161_none_01c9581e60cbee58\MFC90ENU.DLL
0x0000000078870000 - 0x0000000078ecd000 	C:\Program Files\MATLAB\R2012b\sys\java\jre\win64\jre\bin\server\jvm.dll
0x000007fef9980000 - 0x000007fef99bb000 	C:\Windows\system32\WINMM.dll
0x000007fefcf80000 - 0x000007fefcf8f000 	C:\Windows\system32\profapi.dll
0x000007fefaba0000 - 0x000007fefabb5000 	C:\Windows\system32\NLAapi.dll
0x000007fefc7b0000 - 0x000007fefc804000 	C:\Windows\System32\mswsock.dll
0x000007fefc630000 - 0x000007fefc68b000 	C:\Windows\system32\DNSAPI.dll
0x000007fef7fc0000 - 0x000007fef7fcb000 	C:\Windows\System32\winrnr.dll
0x000007fef7fa0000 - 0x000007fef7fb5000 	C:\Windows\system32\napinsp.dll
0x000007fef7f80000 - 0x000007fef7f99000 	C:\Windows\system32\pnrpnsp.dll
0x000007fef7f70000 - 0x000007fef7f80000 	C:\Windows\system32\wshbth.dll

VM Arguments:
jvm_args: -Xss512k -XX:PermSize=32m -Xms64m -XX:NewRatio=3 -XX:MaxPermSize=128m -Xmx196m -XX:MaxDirectMemorySize=2147400000 -Dsun.java2d.noddraw=true -Dsun.awt.nopixfmt=true -Xshare:off -Xrs -Dsun.awt.disableMixing=true -Djava.library.path=C:\Program Files\MATLAB\R2012b\bin\win64;C:\Program Files\MATLAB\R2012b\sys\jxbrowser\win64\lib vfprintf abort 
java_command: <unknown>
Launcher Type: generic

Environment Variables:
JAVA_HOME=C:\Program Files\Java\jdk1.7.0_75
PATH=C:\WinAVR-20100110\bin;C:\WinAVR-20100110\utils\bin;C:\Windows\system32;C:\Windows;C:\Windows\System32\Wbem;C:\Windows\System32\WindowsPowerShell\v1.0\;C:\Program Files\MATLAB\R2012b\runtime\win64;C:\Program Files\MATLAB\R2012b\bin;C:\Program Files\MATLAB\R2010a\runtime\win64;C:\Program Files\MATLAB\R2010a\bin;C:\Program Files (x86)\Common Files\lenovo\easyplussdk\bin;C:\Program Files (x86)\Skype\Phone\;C:\Program Files\Microsoft Windows Performance Toolkit\;C:\Program Files (x86)\Bitvise SSH Client;C:\Program Files\Java\jdk1.7.0_75\bin;C:\Program Files\MATLAB\R2012b\toolbox\imaq\imaqextern\drivers\win64\genicam\GenICam_v2_3\bin\Win64_x64
USERNAME=JTS_acer1
OS=Windows_NT
PROCESSOR_IDENTIFIER=Intel64 Family 6 Model 55 Stepping 8, GenuineIntel



---------------  S Y S T E M  ---------------

OS: Windows 7 Build 7600 

CPU:total 4 (8 cores per cpu, 2 threads per core) family 6 model 55 stepping 8, cmov, cx8, fxsr, mmx, sse, sse2, sse3, ssse3, sse4.1, sse4.2, ht

Memory: 4k page, physical 4077940k(1513188k free), swap 8153984k(5123332k free)

vm_info: Java HotSpot(TM) 64-Bit Server VM (14.3-b01) for windows-amd64 JRE (1.6.0_17-b04), built on Oct 11 2009 00:46:08 by "java_re" with MS VC++ 8.0

time: Wed Apr 20 13:04:29 2016
elapsed time: 97 seconds

