#
# A fatal error has been detected by the Java Runtime Environment:
#
#  EXCEPTION_ACCESS_VIOLATION (0xc0000005) at pc=0x0000000025595033, pid=8028, tid=2464
#
# JRE version: 6.0_17-b04
# Java VM: Java HotSpot(TM) 64-Bit Server VM (14.3-b01 mixed mode windows-amd64 )
# Problematic frame:
# C  0x0000000025595033
#
# If you would like to submit a bug report, please visit:
#   http://java.sun.com/webapps/bugreport/crash.jsp
# The crash happened outside the Java Virtual Machine in native code.
# See problematic frame for where to report the bug.
#

---------------  T H R E A D  ---------------

Current thread (0x000000000f63b800):  JavaThread "AWT-EventQueue-0" [_thread_in_native, id=2464, stack(0x000000000fe90000,0x000000000ff10000)]

siginfo: ExceptionCode=0xc0000005, reading address 0xffffffff881fec38

Registers:
EAX=0xffffffff881fec30, EBX=0x000000002fe63120, ECX=0x00000000255c6485, EDX=0xfffffffffffff665
ESP=0x000000000ff0e640, EBP=0x000000000ff0e9b8, ESI=0x0000000000000001, EDI=0x00000000293659ae
EIP=0x0000000025595033, EFLAGS=0x0000000000010202

Top of Stack: (sp=0x000000000ff0e640)
0x000000000ff0e640:   000000000f63b9b8 000000000ff0e9f0
0x000000000ff0e650:   00000000255c5b20 00000000255c5afc
0x000000000ff0e660:   0000000000000000 ffffffff881fec30
0x000000000ff0e670:   000000000dda3b00 000000000f60c918
0x000000000ff0e680:   0000000000000000 0000000078a5e32a
0x000000000ff0e690:   000000000f60c920 0000000005a70080
0x000000000ff0e6a0:   000000000f60c918 0000000005a70270
0x000000000ff0e6b0:   0000000005a704a0 000000000f60c928
0x000000000ff0e6c0:   000000000f60c920 000000000f60c938
0x000000000ff0e6d0:   000000000f63b800 00000000789d719d
0x000000000ff0e6e0:   00000000772b7288 0000000000000000
0x000000000ff0e6f0:   0000000000000010 0000000005b70000
0x000000000ff0e700:   0000000000000001 0000000000000001
0x000000000ff0e710:   0000000005b70288 00000000771f1c58
0x000000000ff0e720:   0000000000000000 0000000000000001
0x000000000ff0e730:   00000a0b000a0013 0000000005a70470 

Instructions: (pc=0x0000000025595033)
0x0000000025595023:   19 22 00 00 48 98 48 89 44 24 28 48 8b 44 24 28
0x0000000025595033:   8b 40 08 89 84 24 6c 02 00 00 48 8b 44 24 28 c7 


Stack: [0x000000000fe90000,0x000000000ff10000],  sp=0x000000000ff0e640,  free space=505k
Native frames: (J=compiled Java code, j=interpreted, Vv=VM code, C=native code)
C  0x0000000025595033
j  gnu.io.RXTXPort$SerialInputStream.read([BII)I+213
j  com.mathworks.toolbox.instrument.LineInputStream.readByte(I)[B+38
j  com.mathworks.toolbox.instrument.SerialComm.readBytes(I)[B+5
j  com.mathworks.toolbox.instrument.InstrumentAsyncContinuous.readAsynchronousDataFromHardware(I)[B+57
j  com.mathworks.toolbox.instrument.InstrumentAsync.pollingReadAsyncModeAction(I)V+7
j  com.mathworks.toolbox.instrument.InstrumentAsync.poll()Z+157
j  com.mathworks.toolbox.instrument.Poller.actionPerformed(Ljava/awt/event/ActionEvent;)V+33
j  com.mathworks.util.Timer.notifyListeners(Ljava/awt/event/ActionEvent;)V+19
j  com.mathworks.util.Timer$TimerEvent.dispatch()V+14
j  com.mathworks.util.QueueEvent$QueueTarget.processEvent(Ljava/awt/AWTEvent;)V+13
j  java.awt.Component.dispatchEventImpl(Ljava/awt/AWTEvent;)V+566
j  java.awt.Component.dispatchEvent(Ljava/awt/AWTEvent;)V+2
j  java.awt.EventQueue.dispatchEvent(Ljava/awt/AWTEvent;)V+46
j  java.awt.EventDispatchThread.pumpOneEventForFilters(I)Z+204
j  java.awt.EventDispatchThread.pumpEventsForFilter(ILjava/awt/Conditional;Ljava/awt/EventFilter;)V+30
j  java.awt.EventDispatchThread.pumpEventsForHierarchy(ILjava/awt/Conditional;Ljava/awt/Component;)V+11
j  java.awt.EventDispatchThread.pumpEvents(ILjava/awt/Conditional;)V+4
j  java.awt.EventDispatchThread.pumpEvents(Ljava/awt/Conditional;)V+3
j  java.awt.EventDispatchThread.run()V+9
v  ~StubRoutines::call_stub

Java frames: (J=compiled Java code, j=interpreted, Vv=VM code)
j  gnu.io.RXTXPort.readArray([BII)I+0
j  gnu.io.RXTXPort$SerialInputStream.read([BII)I+213
j  com.mathworks.toolbox.instrument.LineInputStream.readByte(I)[B+38
j  com.mathworks.toolbox.instrument.SerialComm.readBytes(I)[B+5
j  com.mathworks.toolbox.instrument.InstrumentAsyncContinuous.readAsynchronousDataFromHardware(I)[B+57
j  com.mathworks.toolbox.instrument.InstrumentAsync.pollingReadAsyncModeAction(I)V+7
j  com.mathworks.toolbox.instrument.InstrumentAsync.poll()Z+157
j  com.mathworks.toolbox.instrument.Poller.actionPerformed(Ljava/awt/event/ActionEvent;)V+33
j  com.mathworks.util.Timer.notifyListeners(Ljava/awt/event/ActionEvent;)V+19
j  com.mathworks.util.Timer$TimerEvent.dispatch()V+14
j  com.mathworks.util.QueueEvent$QueueTarget.processEvent(Ljava/awt/AWTEvent;)V+13
j  java.awt.Component.dispatchEventImpl(Ljava/awt/AWTEvent;)V+566
j  java.awt.Component.dispatchEvent(Ljava/awt/AWTEvent;)V+2
j  java.awt.EventQueue.dispatchEvent(Ljava/awt/AWTEvent;)V+46
j  java.awt.EventDispatchThread.pumpOneEventForFilters(I)Z+204
j  java.awt.EventDispatchThread.pumpEventsForFilter(ILjava/awt/Conditional;Ljava/awt/EventFilter;)V+30
j  java.awt.EventDispatchThread.pumpEventsForHierarchy(ILjava/awt/Conditional;Ljava/awt/Component;)V+11
j  java.awt.EventDispatchThread.pumpEvents(ILjava/awt/Conditional;)V+4
j  java.awt.EventDispatchThread.pumpEvents(Ljava/awt/Conditional;)V+3
j  java.awt.EventDispatchThread.run()V+9
v  ~StubRoutines::call_stub

---------------  P R O C E S S  ---------------

Java Threads: ( => current thread )
  0x000000000f63e800 JavaThread "Thread-57" [_thread_in_native, id=1464, stack(0x0000000088180000,0x0000000088200000)]
  0x000000000f646000 JavaThread "Timer-InstrumentReadWritePoll" [_thread_blocked, id=4912, stack(0x0000000079a30000,0x0000000079ab0000)]
  0x000000000f63f000 JavaThread "Inactive RequestProcessor thread [Was:TimedSoftReference/org.openide.util.TimedSoftReference]" daemon [_thread_blocked, id=7968, stack(0x0000000071ed0000,0x0000000071f50000)]
  0x000000000f642800 JavaThread "Code Analyzer updating thread" [_thread_blocked, id=7768, stack(0x0000000025870000,0x00000000258f0000)]
  0x000000000f647800 JavaThread "Active Reference Queue Daemon" daemon [_thread_blocked, id=1424, stack(0x0000000027ee0000,0x0000000027f60000)]
  0x000000000f640800 JavaThread "Timer-20" daemon [_thread_blocked, id=8024, stack(0x0000000025790000,0x0000000025810000)]
  0x000000000f644000 JavaThread "Swing-Shell" daemon [_thread_blocked, id=7964, stack(0x0000000025620000,0x00000000256a0000)]
  0x000000000f645800 JavaThread "Timer-8" daemon [_thread_blocked, id=6940, stack(0x0000000061d90000,0x0000000061e10000)]
  0x000000000f643800 JavaThread "Explorer NavigationContext request queue" [_thread_blocked, id=6200, stack(0x0000000061be0000,0x0000000061c60000)]
  0x000000000f642000 JavaThread "AddressBar directory emptiness poller" [_thread_blocked, id=2116, stack(0x0000000061b00000,0x0000000061b80000)]
  0x000000000f641000 JavaThread "Explorer Refresh Service 510044439" [_thread_blocked, id=3244, stack(0x00000000618b0000,0x0000000061930000)]
  0x000000000f63f800 JavaThread "Timer-1" daemon [_thread_blocked, id=976, stack(0x0000000061660000,0x00000000616e0000)]
  0x000000000f63d000 JavaThread "TimerQueue" daemon [_thread_blocked, id=5364, stack(0x0000000059930000,0x00000000599b0000)]
  0x000000000f63c000 JavaThread "Thread-5" daemon [_thread_blocked, id=7772, stack(0x0000000025200000,0x0000000025280000)]
=>0x000000000f63b800 JavaThread "AWT-EventQueue-0" [_thread_in_native, id=2464, stack(0x000000000fe90000,0x000000000ff10000)]
  0x000000000f63a800 JavaThread "AWT-Shutdown" [_thread_blocked, id=4860, stack(0x000000000ff10000,0x000000000ff90000)]
  0x000000000f63a000 JavaThread "FelixPackageAdmin" daemon [_thread_blocked, id=7208, stack(0x000000004ca20000,0x000000004caa0000)]
  0x000000000f356000 JavaThread "FelixStartLevel" daemon [_thread_blocked, id=7916, stack(0x00000000448e0000,0x0000000044960000)]
  0x000000000f355000 JavaThread "FelixDispatchQueue" daemon [_thread_blocked, id=1384, stack(0x0000000050b40000,0x0000000050bc0000)]
  0x000000000f30c000 JavaThread "com.google.common.base.internal.Finalizer" daemon [_thread_blocked, id=7072, stack(0x0000000040840000,0x00000000408c0000)]
  0x000000000f268000 JavaThread "AWT-Windows" daemon [_thread_in_native, id=8068, stack(0x000000000fe00000,0x000000000fe80000)]
  0x000000000dcf5800 JavaThread "Java2D Disposer" daemon [_thread_blocked, id=7056, stack(0x000000000de60000,0x000000000dee0000)]
  0x000000000ef59000 JavaThread "Timer-0" [_thread_blocked, id=7092, stack(0x000000000fcc0000,0x000000000fd40000)]
  0x000000000ee0d000 JavaThread "EventMgr Dispatcher" daemon [_thread_in_native, id=4656, stack(0x0000000008700000,0x000000000c700000)]
  0x000000000dd55000 JavaThread "Low Memory Detector" daemon [_thread_blocked, id=8152, stack(0x000000000df90000,0x000000000e010000)]
  0x000000000dd53800 JavaThread "CompilerThread1" daemon [_thread_blocked, id=3268, stack(0x000000005d5d0000,0x00000000615d0000)]
  0x000000000dd42000 JavaThread "CompilerThread0" daemon [_thread_blocked, id=788, stack(0x0000000054c80000,0x0000000058c80000)]
  0x000000000dd40800 JavaThread "Attach Listener" daemon [_thread_blocked, id=7408, stack(0x000000000e060000,0x000000000e0e0000)]
  0x000000000dce5800 JavaThread "Finalizer" daemon [_thread_blocked, id=2736, stack(0x000000000d160000,0x000000000d1e0000)]
  0x000000000dce5000 JavaThread "Reference Handler" daemon [_thread_blocked, id=7852, stack(0x000000000dee0000,0x000000000df60000)]
  0x0000000005ab7000 JavaThread "main" [_thread_in_native, id=7468, stack(0x00000000000f0000,0x00000000040f0000)]

Other Threads:
  0x000000000dce1800 VMThread [stack: 0x0000000050c30000,0x0000000054c30000] [id=8168]
  0x000000000dd80800 WatcherThread [stack: 0x0000000062550000,0x0000000066550000] [id=8140]

VM state:not at safepoint (normal execution)

VM Mutex/Monitor currently owned by a thread: None

Heap
 PSYoungGen      total 33472K, used 23824K [0x000000003d660000, 0x0000000040760000, 0x0000000040760000)
  eden space 16768K, 78% used [0x000000003d660000,0x000000003e32e5a8,0x000000003e6c0000)
  from space 16704K, 64% used [0x000000003e6c0000,0x000000003f135cd8,0x000000003f710000)
  to   space 16704K, 0% used [0x000000003f710000,0x000000003f710000,0x0000000040760000)
 PSOldGen        total 64704K, used 40953K [0x0000000034360000, 0x0000000038290000, 0x000000003d660000)
  object space 64704K, 63% used [0x0000000034360000,0x0000000036b5e740,0x0000000038290000)
 PSPermGen       total 92032K, used 61390K [0x000000002c360000, 0x0000000031d40000, 0x0000000034360000)
  object space 92032K, 66% used [0x000000002c360000,0x000000002ff53968,0x0000000031d40000)

Dynamic libraries:
0x000000013fae0000 - 0x000000013fb0d000 	C:\Program Files\MATLAB\R2012b\bin\win64\MATLAB.exe
0x00000000771a0000 - 0x000000007734b000 	C:\Windows\SYSTEM32\ntdll.dll
0x0000000076f80000 - 0x000000007709f000 	C:\Windows\system32\kernel32.dll
0x000007fefd1b0000 - 0x000007fefd21b000 	C:\Windows\system32\KERNELBASE.dll
0x0000000074460000 - 0x000000007451f000 	C:\Program Files\MATLAB\R2012b\bin\win64\libut.dll
0x00000000758a0000 - 0x000000007595c000 	C:\Program Files\MATLAB\R2012b\bin\win64\libmwi18n.dll
0x0000000180000000 - 0x000000018000b000 	C:\Program Files\MATLAB\R2012b\bin\win64\libmwresource_core.dll
0x000000005d3b0000 - 0x000000005d483000 	C:\Windows\WinSxS\amd64_microsoft.vc90.crt_1fc8b3b9a1e18e3b_9.0.30729.6161_none_08e61857a83bc251\MSVCP90.dll
0x0000000071e20000 - 0x0000000071ec3000 	C:\Windows\WinSxS\amd64_microsoft.vc90.crt_1fc8b3b9a1e18e3b_9.0.30729.6161_none_08e61857a83bc251\MSVCR90.dll
0x000000007a170000 - 0x000000007a19c000 	C:\Program Files\MATLAB\R2012b\bin\win64\boost_filesystem-vc90-mt-1_44.dll
0x000000007a560000 - 0x000000007a569000 	C:\Program Files\MATLAB\R2012b\bin\win64\boost_system-vc90-mt-1_44.dll
0x000007fefe270000 - 0x000007fefe34b000 	C:\Windows\system32\ADVAPI32.dll
0x000007fefe350000 - 0x000007fefe3ef000 	C:\Windows\system32\msvcrt.dll
0x000007fefdd40000 - 0x000007fefdd5f000 	C:\Windows\SYSTEM32\sechost.dll
0x000007fefdb00000 - 0x000007fefdc2e000 	C:\Windows\system32\RPCRT4.dll
0x000000007a010000 - 0x000000007a035000 	C:\Program Files\MATLAB\R2012b\bin\win64\LIBEXPAT.dll
0x000000005d1b0000 - 0x000000005d3a1000 	C:\Program Files\MATLAB\R2012b\bin\win64\icuin44.dll
0x000000005d030000 - 0x000000005d1a1000 	C:\Program Files\MATLAB\R2012b\bin\win64\icuuc44.dll
0x0000000010000000 - 0x0000000010e41000 	C:\Program Files\MATLAB\R2012b\bin\win64\icudt44.dll
0x0000000073f70000 - 0x000000007411d000 	C:\Program Files\MATLAB\R2012b\bin\win64\libmwfl.dll
0x00000000043e0000 - 0x0000000004796000 	C:\Program Files\MATLAB\R2012b\bin\win64\libmwMATLAB_res.dll
0x000000007a3b0000 - 0x000000007a3c0000 	C:\Program Files\MATLAB\R2012b\bin\win64\boost_date_time-vc90-mt-1_44.dll
0x000000007a250000 - 0x000000007a263000 	C:\Program Files\MATLAB\R2012b\bin\win64\boost_signals-vc90-mt-1_44.dll
0x000000007a2d0000 - 0x000000007a2e2000 	C:\Program Files\MATLAB\R2012b\bin\win64\boost_thread-vc90-mt-1_44.dll
0x0000000004190000 - 0x000000000424d000 	C:\Program Files\MATLAB\R2012b\bin\win64\boost_log-vc90-mt-1_44.dll
0x0000000077360000 - 0x0000000077367000 	C:\Windows\system32\PSAPI.DLL
0x000007fefe220000 - 0x000007fefe26d000 	C:\Windows\system32\WS2_32.dll
0x000007fefd970000 - 0x000007fefd978000 	C:\Windows\system32\NSI.dll
0x0000000004260000 - 0x00000000042a6000 	C:\Program Files\MATLAB\R2012b\bin\win64\tbb.dll
0x000007fefe3f0000 - 0x000007fefe407000 	C:\Windows\system32\imagehlp.dll
0x000000005d010000 - 0x000000005d023000 	C:\Program Files\MATLAB\R2012b\bin\win64\icuio44.dll
0x000007fef9ce0000 - 0x000007fef9e05000 	C:\Windows\system32\dbghelp.dll
0x00000000770a0000 - 0x000000007719a000 	C:\Windows\system32\USER32.dll
0x000007feff440000 - 0x000007feff4a7000 	C:\Windows\system32\GDI32.dll
0x000007fefdcb0000 - 0x000007fefdcbe000 	C:\Windows\system32\LPK.dll
0x000007feff1a0000 - 0x000007feff26a000 	C:\Windows\system32\USP10.dll
0x00000000047a0000 - 0x0000000004a7c000 	C:\Program Files\MATLAB\R2012b\bin\win64\libmwservices.dll
0x0000000075a20000 - 0x0000000075af3000 	C:\Program Files\MATLAB\R2012b\bin\win64\libmx.dll
0x0000000004a90000 - 0x0000000004ab9000 	C:\Program Files\MATLAB\R2012b\bin\win64\tbbmalloc.dll
0x000000007a210000 - 0x000000007a228000 	C:\Program Files\MATLAB\R2012b\bin\win64\zlib1.dll
0x0000000004ae0000 - 0x0000000004b2d000 	C:\Program Files\MATLAB\R2012b\bin\win64\libmwregexp.dll
0x0000000004b40000 - 0x0000000004b63000 	C:\Program Files\MATLAB\R2012b\bin\win64\libmwmfl_scalar.dll
0x0000000075f10000 - 0x0000000075f60000 	C:\Program Files\MATLAB\R2012b\bin\win64\mpath.dll
0x000000007b680000 - 0x000000007bc9a000 	C:\Program Files\MATLAB\R2012b\bin\win64\mlutil.dll
0x00000000754d0000 - 0x0000000075551000 	C:\Program Files\MATLAB\R2012b\bin\win64\xmlcore.dll
0x0000000004bb0000 - 0x0000000004e03000 	C:\Program Files\MATLAB\R2012b\bin\win64\xerces-c_2_7.dll
0x0000000004e20000 - 0x0000000004e40000 	C:\Program Files\MATLAB\R2012b\bin\win64\libmwMATLAB_settings_res.dll
0x0000000004e50000 - 0x0000000004e60000 	C:\Program Files\MATLAB\R2012b\bin\win64\boost_iostreams-vc90-mt-1_44.dll
0x0000000004e70000 - 0x0000000004eb7000 	C:\Program Files\MATLAB\R2012b\bin\win64\boost_serialization-vc90-mt-1_44.dll
0x000007fefe410000 - 0x000007feff196000 	C:\Windows\system32\SHELL32.dll
0x000007fefdc30000 - 0x000007fefdca1000 	C:\Windows\system32\SHLWAPI.dll
0x000007fefd220000 - 0x000007fefd2c0000 	C:\Windows\WinSxS\amd64_microsoft.windows.common-controls_6595b64144ccf1df_5.82.7600.16385_none_a44af8ec57f961cf\COMCTL32.dll
0x000007fefdec0000 - 0x000007fefdf58000 	C:\Windows\system32\COMDLG32.dll
0x000007fefb2e0000 - 0x000007fefb2f6000 	C:\Windows\system32\NETAPI32.dll
0x000007fefb2d0000 - 0x000007fefb2dc000 	C:\Windows\system32\netutils.dll
0x000007fefcc50000 - 0x000007fefcc73000 	C:\Windows\system32\srvcli.dll
0x000007fefb2b0000 - 0x000007fefb2c5000 	C:\Windows\system32\wkscli.dll
0x000007fefd760000 - 0x000007fefd961000 	C:\Windows\system32\ole32.dll
0x000007fefe140000 - 0x000007fefe217000 	C:\Windows\system32\OLEAUT32.dll
0x0000000074970000 - 0x0000000074a31000 	C:\Program Files\MATLAB\R2012b\bin\win64\mcr.dll
0x0000000075000000 - 0x00000000753e9000 	C:\Program Files\MATLAB\R2012b\bin\win64\iqm.dll
0x0000000074e80000 - 0x0000000074f38000 	C:\Program Files\MATLAB\R2012b\bin\win64\m_dispatcher.dll
0x0000000074880000 - 0x000000007496d000 	C:\Program Files\MATLAB\R2012b\bin\win64\boost_regex-vc90-mt-1_44.dll
0x000007fee65d0000 - 0x000007fee6e41000 	C:\Program Files\MATLAB\R2012b\bin\win64\m_interpreter.dll
0x000000005cfe0000 - 0x000000005d007000 	C:\Program Files\MATLAB\R2012b\bin\win64\libmex.dll
0x000000005cf50000 - 0x000000005cfd4000 	C:\Program Files\MATLAB\R2012b\bin\win64\profiler.dll
0x0000000004f40000 - 0x00000000051aa000 	C:\Program Files\MATLAB\R2012b\bin\win64\libmwmathutil.dll
0x0000000079f40000 - 0x0000000079f6e000 	C:\Program Files\MATLAB\R2012b\bin\win64\libmwmathrng.dll
0x00000000051d0000 - 0x00000000051e2000 	C:\Program Files\MATLAB\R2012b\bin\win64\libmwmfl_rng.dll
0x0000000074c10000 - 0x0000000074cee000 	C:\Program Files\MATLAB\R2012b\bin\win64\libmwmathcore.dll
0x0000000076160000 - 0x00000000761ca000 	C:\Program Files\MATLAB\R2012b\bin\win64\libmwspmatrix.dll
0x0000000075ea0000 - 0x0000000075f02000 	C:\Program Files\MATLAB\R2012b\bin\win64\libmwcholmod.dll
0x000000007a460000 - 0x000000007a46d000 	C:\Program Files\MATLAB\R2012b\bin\win64\libmwamd.dll
0x000000007a4b0000 - 0x000000007a4bc000 	C:\Program Files\MATLAB\R2012b\bin\win64\libmwcolamd.dll
0x000000007a290000 - 0x000000007a2a9000 	C:\Program Files\MATLAB\R2012b\bin\win64\libmwblas.dll
0x000000007a310000 - 0x000000007a321000 	C:\Program Files\MATLAB\R2012b\bin\win64\libmwbinder.dll
0x000000007a4d0000 - 0x000000007a4dc000 	C:\Program Files\MATLAB\R2012b\bin\win64\libmwompwrapper.dll
0x0000000005280000 - 0x0000000005305000 	C:\Program Files\MATLAB\R2012b\bin\win64\libmwlapack.dll
0x000000005cef0000 - 0x000000005cf11000 	C:\Program Files\MATLAB\R2012b\bin\win64\m_pcodeio.dll
0x0000000079b10000 - 0x0000000079b77000 	C:\Program Files\MATLAB\R2012b\bin\win64\m_ir.dll
0x000000005c880000 - 0x000000005cef0000 	C:\Program Files\MATLAB\R2012b\bin\win64\m_parser.dll
0x0000000062530000 - 0x000000006254a000 	C:\Program Files\MATLAB\R2012b\bin\win64\ir_xfmr.dll
0x000007fee82a0000 - 0x000007fee8536000 	C:\Program Files\MATLAB\R2012b\bin\win64\mcos.dll
0x000000005cf30000 - 0x000000005cf41000 	C:\Program Files\MATLAB\R2012b\bin\win64\mtok.dll
0x000000005c840000 - 0x000000005c871000 	C:\Program Files\MATLAB\R2012b\bin\win64\m_pcodegen.dll
0x0000000079fb0000 - 0x0000000079fe6000 	C:\Program Files\MATLAB\R2012b\bin\win64\libmwbridge.dll
0x000000005c770000 - 0x000000005c838000 	C:\Program Files\MATLAB\R2012b\bin\win64\udd.dll
0x000000005c610000 - 0x000000005c762000 	C:\Program Files\MATLAB\R2012b\bin\win64\libmwgui.dll
0x000000005c5f0000 - 0x000000005c607000 	C:\Program Files\MATLAB\R2012b\bin\win64\graphics_util.dll
0x000000005acc0000 - 0x000000005b71f000 	C:\Program Files\MATLAB\R2012b\bin\win64\hg.dll
0x00000000053e0000 - 0x0000000005448000 	C:\Program Files\MATLAB\R2012b\bin\win64\libmat.dll
0x0000000072d30000 - 0x0000000072f44000 	C:\Program Files\MATLAB\R2012b\bin\win64\hdf5dll.dll
0x0000000075710000 - 0x00000000757de000 	C:\Program Files\MATLAB\R2012b\bin\win64\jmi.dll
0x0000000005480000 - 0x000000000548d000 	C:\Program Files\MATLAB\R2012b\bin\win64\nativejava_services.dll
0x000000005c5a0000 - 0x000000005c5e6000 	C:\Program Files\MATLAB\R2012b\bin\win64\libmwhardcopy.dll
0x000000005c530000 - 0x000000005c593000 	C:\Program Files\MATLAB\R2012b\bin\win64\libuij.dll
0x000000005bf10000 - 0x000000005c174000 	C:\Program Files\MATLAB\R2012b\bin\win64\hgdatatypes.dll
0x000000005c410000 - 0x000000005c52f000 	C:\Program Files\MATLAB\R2012b\bin\win64\hgutils.dll
0x000000005be50000 - 0x000000005bf10000 	C:\Program Files\MATLAB\R2012b\bin\win64\udd_mi.dll
0x00000000054f0000 - 0x000000000552b000 	C:\Program Files\MATLAB\R2012b\bin\win64\libmwgbtutils.dll
0x0000000005540000 - 0x000000000555b000 	C:\Program Files\MATLAB\R2012b\bin\win64\libmwgbt.dll
0x0000000005570000 - 0x0000000005841000 	C:\Program Files\MATLAB\R2012b\bin\win64\uiw.dll
0x000000005cf20000 - 0x000000005cf2f000 	C:\Program Files\MATLAB\R2012b\bin\win64\uinone.dll
0x0000000005870000 - 0x0000000005899000 	C:\Program Files\MATLAB\R2012b\bin\win64\libmwnativefiledialogs.dll
0x00000000058b0000 - 0x00000000058b8000 	C:\Program Files\MATLAB\R2012b\bin\win64\libmwplatform_res.dll
0x000007fefa290000 - 0x000007fefa2a8000 	C:\Windows\system32\MPR.dll
0x000000005b960000 - 0x000000005be44000 	C:\Windows\WinSxS\amd64_microsoft.vc90.mfc_1fc8b3b9a1e18e3b_9.0.30729.6161_none_044aad0bab1eb146\mfc90.dll
0x000007fef8a60000 - 0x000007fef8a67000 	C:\Windows\system32\MSIMG32.dll
0x000007fef89f0000 - 0x000007fef8a60000 	C:\Windows\system32\WINSPOOL.DRV
0x000000005b930000 - 0x000000005b952000 	C:\Program Files\MATLAB\R2012b\bin\win64\mwoles05.DLL
0x000000005b8b0000 - 0x000000005b92d000 	C:\Program Files\MATLAB\R2012b\bin\win64\comcli.dll
0x000000005c3e0000 - 0x000000005c40f000 	C:\Windows\WinSxS\amd64_microsoft.vc90.atl_1fc8b3b9a1e18e3b_9.0.30729.6161_none_0a1fd3a3a768b895\ATL90.DLL
0x000000005b8a0000 - 0x000000005b8ac000 	C:\Program Files\MATLAB\R2012b\bin\win64\mlautoregister.dll
0x000007fefd730000 - 0x000007fefd75e000 	C:\Windows\system32\IMM32.DLL
0x000007fefdd60000 - 0x000007fefde69000 	C:\Windows\system32\MSCTF.dll
0x000007fefb9a0000 - 0x000007fefb9f6000 	C:\Windows\system32\UxTheme.dll
0x000007fefb580000 - 0x000007fefb598000 	C:\Windows\system32\dwmapi.dll
0x000000005b890000 - 0x000000005b89d000 	C:\Windows\WinSxS\amd64_microsoft.vc90.mfcloc_1fc8b3b9a1e18e3b_9.0.30729.6161_none_01c9581e60cbee58\MFC90ENU.DLL
0x0000000078870000 - 0x0000000078ecd000 	C:\Program Files\MATLAB\R2012b\sys\java\jre\win64\jre\bin\server\jvm.dll
0x000007fef91e0000 - 0x000007fef921b000 	C:\Windows\system32\WINMM.dll
0x000007fefd100000 - 0x000007fefd10f000 	C:\Windows\system32\profapi.dll
0x000007fefad20000 - 0x000007fefad35000 	C:\Windows\system32\NLAapi.dll
0x000007fefc930000 - 0x000007fefc984000 	C:\Windows\System32\mswsock.dll
0x000007fefc7b0000 - 0x000007fefc80b000 	C:\Windows\system32\DNSAPI.dll
0x000007fef5930000 - 0x000007fef593b000 	C:\Windows\System32\winrnr.dll
0x000007fef5910000 - 0x000007fef5925000 	C:\Windows\system32\napinsp.dll
0x000007fef58f0000 - 0x000007fef5909000 	C:\Windows\system32\pnrpnsp.dll
0x000007fef58e0000 - 0x000007fef58f0000 	C:\Windows\system32\wshbth.dll

VM Arguments:
jvm_args: -Xss512k -XX:PermSize=32m -Xms64m -XX:NewRatio=3 -XX:MaxPermSize=128m -Xmx196m -XX:MaxDirectMemorySize=2147400000 -Dsun.java2d.noddraw=true -Dsun.awt.nopixfmt=true -Xshare:off -Xrs -Dsun.awt.disableMixing=true -Djava.library.path=C:\Program Files\MATLAB\R2012b\bin\win64;C:\Program Files\MATLAB\R2012b\sys\jxbrowser\win64\lib vfprintf abort 
java_command: <unknown>
Launcher Type: generic

Environment Variables:
JAVA_HOME=C:\Program Files\Java\jdk1.7.0_75
PATH=C:\WinAVR-20100110\bin;C:\WinAVR-20100110\utils\bin;C:\Windows\system32;C:\Windows;C:\Windows\System32\Wbem;C:\Windows\System32\WindowsPowerShell\v1.0\;C:\Program Files\MATLAB\R2012b\runtime\win64;C:\Program Files\MATLAB\R2012b\bin;C:\Program Files\MATLAB\R2010a\runtime\win64;C:\Program Files\MATLAB\R2010a\bin;C:\Program Files (x86)\Common Files\lenovo\easyplussdk\bin;C:\Program Files (x86)\Skype\Phone\;C:\Program Files\Microsoft Windows Performance Toolkit\;C:\Program Files (x86)\Bitvise SSH Client;C:\Program Files\Java\jdk1.7.0_75\bin;C:\Program Files\MATLAB\R2012b\toolbox\imaq\imaqextern\drivers\win64\genicam\GenICam_v2_3\bin\Win64_x64
USERNAME=JTS_acer1
OS=Windows_NT
PROCESSOR_IDENTIFIER=Intel64 Family 6 Model 55 Stepping 8, GenuineIntel



---------------  S Y S T E M  ---------------

OS: Windows 7 Build 7600 

CPU:total 4 (8 cores per cpu, 2 threads per core) family 6 model 55 stepping 8, cmov, cx8, fxsr, mmx, sse, sse2, sse3, ssse3, sse4.1, sse4.2, ht

Memory: 4k page, physical 4077940k(1594712k free), swap 8153984k(5179328k free)

vm_info: Java HotSpot(TM) 64-Bit Server VM (14.3-b01) for windows-amd64 JRE (1.6.0_17-b04), built on Oct 11 2009 00:46:08 by "java_re" with MS VC++ 8.0

time: Wed Apr 20 19:00:20 2016
elapsed time: 98 seconds

